mode: set
terraform-provider-ome/clients/deploy.go:23.101,27.16 3 0
terraform-provider-ome/clients/deploy.go:31.2,33.17 3 0
terraform-provider-ome/clients/deploy.go:27.16,29.3 1 0
terraform-provider-ome/clients/deploy.go:37.100,40.16 3 0
terraform-provider-ome/clients/deploy.go:43.2,43.36 1 0
terraform-provider-ome/clients/deploy.go:46.2,47.61 2 0
terraform-provider-ome/clients/deploy.go:52.2,52.75 1 0
terraform-provider-ome/clients/deploy.go:40.16,42.3 1 0
terraform-provider-ome/clients/deploy.go:43.36,45.3 1 0
terraform-provider-ome/clients/deploy.go:47.61,48.49 1 0
terraform-provider-ome/clients/deploy.go:48.49,50.4 1 0
terraform-provider-ome/clients/deploy.go:56.90,59.16 3 0
terraform-provider-ome/clients/deploy.go:63.2,66.16 3 0
terraform-provider-ome/clients/deploy.go:72.2,73.16 2 0
terraform-provider-ome/clients/deploy.go:76.2,76.12 1 0
terraform-provider-ome/clients/deploy.go:59.16,61.3 1 0
terraform-provider-ome/clients/deploy.go:66.16,68.17 2 0
terraform-provider-ome/clients/deploy.go:68.17,70.4 1 0
terraform-provider-ome/clients/deploy.go:73.16,75.3 1 0
terraform-provider-ome/clients/discovery.go:10.107,13.16 3 1
terraform-provider-ome/clients/discovery.go:16.2,19.29 4 1
terraform-provider-ome/clients/discovery.go:13.16,15.3 1 1
terraform-provider-ome/clients/discovery.go:23.100,28.16 3 1
terraform-provider-ome/clients/discovery.go:31.2,34.29 4 1
terraform-provider-ome/clients/discovery.go:28.16,30.3 1 0
terraform-provider-ome/clients/discovery.go:38.105,41.16 3 1
terraform-provider-ome/clients/discovery.go:44.2,44.25 1 1
terraform-provider-ome/clients/discovery.go:41.16,43.3 1 0
terraform-provider-ome/clients/discovery.go:48.87,52.16 4 1
terraform-provider-ome/clients/discovery.go:55.2,57.29 3 1
terraform-provider-ome/clients/discovery.go:52.16,54.3 1 1
terraform-provider-ome/clients/groups.go:23.63,26.16 3 0
terraform-provider-ome/clients/groups.go:30.2,34.16 4 0
terraform-provider-ome/clients/groups.go:37.2,37.19 1 0
terraform-provider-ome/clients/groups.go:26.16,28.3 1 0
terraform-provider-ome/clients/groups.go:34.16,36.3 1 0
terraform-provider-ome/clients/groups.go:41.46,45.2 3 0
terraform-provider-ome/clients/groups.go:48.79,50.16 2 0
terraform-provider-ome/clients/groups.go:53.2,53.40 1 0
terraform-provider-ome/clients/groups.go:57.2,57.29 1 0
terraform-provider-ome/clients/groups.go:50.16,52.3 1 0
terraform-provider-ome/clients/groups.go:53.40,56.3 1 0
terraform-provider-ome/clients/groups.go:61.74,63.16 2 0
terraform-provider-ome/clients/groups.go:66.2,70.16 4 0
terraform-provider-ome/clients/groups.go:73.2,73.20 1 0
terraform-provider-ome/clients/groups.go:63.16,65.3 1 0
terraform-provider-ome/clients/groups.go:70.16,72.3 1 0
terraform-provider-ome/clients/groups.go:77.99,78.21 1 0
terraform-provider-ome/clients/groups.go:81.2,82.16 2 0
terraform-provider-ome/clients/groups.go:85.2,88.16 4 0
terraform-provider-ome/clients/groups.go:91.2,91.19 1 0
terraform-provider-ome/clients/groups.go:78.21,80.3 1 0
terraform-provider-ome/clients/groups.go:82.16,84.3 1 0
terraform-provider-ome/clients/groups.go:88.16,90.3 1 0
terraform-provider-ome/clients/groups.go:95.77,97.16 2 0
terraform-provider-ome/clients/groups.go:100.2,104.16 5 0
terraform-provider-ome/clients/groups.go:107.2,108.29 2 0
terraform-provider-ome/clients/groups.go:121.2,121.24 1 0
terraform-provider-ome/clients/groups.go:97.16,99.3 1 0
terraform-provider-ome/clients/groups.go:104.16,106.3 1 0
terraform-provider-ome/clients/groups.go:108.29,110.17 2 0
terraform-provider-ome/clients/groups.go:113.3,116.17 4 0
terraform-provider-ome/clients/groups.go:119.3,119.64 1 0
terraform-provider-ome/clients/groups.go:110.17,112.4 1 0
terraform-provider-ome/clients/groups.go:116.17,118.4 1 0
terraform-provider-ome/clients/groups.go:125.82,127.16 2 0
terraform-provider-ome/clients/groups.go:131.2,131.28 1 0
terraform-provider-ome/clients/groups.go:134.2,135.21 2 0
terraform-provider-ome/clients/groups.go:127.16,129.3 1 0
terraform-provider-ome/clients/groups.go:131.28,133.3 1 0
terraform-provider-ome/clients/groups.go:139.83,141.39 2 0
terraform-provider-ome/clients/groups.go:148.2,148.21 1 0
terraform-provider-ome/clients/groups.go:141.39,143.49 2 0
terraform-provider-ome/clients/groups.go:146.3,146.51 1 0
terraform-provider-ome/clients/groups.go:143.49,145.4 1 0
terraform-provider-ome/clients/groups.go:152.65,158.16 4 0
terraform-provider-ome/clients/groups.go:161.2,163.17 3 0
terraform-provider-ome/clients/groups.go:166.2,168.17 3 0
terraform-provider-ome/clients/groups.go:158.16,160.3 1 0
terraform-provider-ome/clients/groups.go:163.17,165.3 1 0
terraform-provider-ome/clients/groups.go:172.56,177.16 3 0
terraform-provider-ome/clients/groups.go:180.2,182.17 3 0
terraform-provider-ome/clients/groups.go:185.2,185.12 1 0
terraform-provider-ome/clients/groups.go:177.16,179.3 1 0
terraform-provider-ome/clients/groups.go:182.17,184.3 1 0
terraform-provider-ome/clients/groups.go:189.75,191.2 1 0
terraform-provider-ome/clients/groups.go:194.78,196.2 1 0
terraform-provider-ome/clients/groups.go:199.90,201.16 2 0
terraform-provider-ome/clients/groups.go:204.2,210.13 4 0
terraform-provider-ome/clients/groups.go:201.16,203.3 1 0
terraform-provider-ome/clients/user.go:9.75,12.16 3 0
terraform-provider-ome/clients/user.go:15.2,18.21 4 0
terraform-provider-ome/clients/user.go:12.16,14.3 1 0
terraform-provider-ome/clients/user.go:22.68,26.16 4 0
terraform-provider-ome/clients/user.go:29.2,33.21 5 0
terraform-provider-ome/clients/user.go:26.16,28.3 1 0
terraform-provider-ome/clients/user.go:37.56,40.16 3 0
terraform-provider-ome/clients/user.go:43.2,43.25 1 0
terraform-provider-ome/clients/user.go:40.16,42.3 1 0
terraform-provider-ome/clients/user.go:47.62,51.16 4 0
terraform-provider-ome/clients/user.go:54.2,57.21 4 0
terraform-provider-ome/clients/user.go:51.16,53.3 1 0
terraform-provider-ome/clients/api_utility.go:72.58,80.17 4 0
terraform-provider-ome/clients/api_utility.go:88.2,88.18 1 0
terraform-provider-ome/clients/api_utility.go:80.17,87.3 4 0
terraform-provider-ome/clients/api_utility.go:92.58,101.2 4 0
terraform-provider-ome/clients/api_utility.go:104.94,110.30 6 0
terraform-provider-ome/clients/api_utility.go:143.2,143.21 1 0
terraform-provider-ome/clients/api_utility.go:147.2,147.24 1 0
terraform-provider-ome/clients/api_utility.go:110.30,114.17 4 0
terraform-provider-ome/clients/api_utility.go:119.3,119.18 1 0
terraform-provider-ome/clients/api_utility.go:114.17,117.9 3 0
terraform-provider-ome/clients/api_utility.go:119.18,123.30 4 0
terraform-provider-ome/clients/api_utility.go:123.30,127.10 4 0
terraform-provider-ome/clients/api_utility.go:128.10,128.62 1 0
terraform-provider-ome/clients/api_utility.go:128.62,132.19 4 0
terraform-provider-ome/clients/api_utility.go:139.5,139.10 1 0
terraform-provider-ome/clients/api_utility.go:132.19,134.6 1 0
terraform-provider-ome/clients/api_utility.go:134.11,138.6 3 0
terraform-provider-ome/clients/api_utility.go:143.21,145.3 1 0
terraform-provider-ome/clients/api_utility.go:151.55,154.16 3 0
terraform-provider-ome/clients/api_utility.go:157.2,159.17 3 0
terraform-provider-ome/clients/api_utility.go:154.16,156.3 1 0
terraform-provider-ome/clients/api_utility.go:162.68,165.2 2 0
terraform-provider-ome/clients/api_utility.go:167.50,169.32 2 0
terraform-provider-ome/clients/api_utility.go:174.2,174.14 1 0
terraform-provider-ome/clients/api_utility.go:169.32,170.21 1 0
terraform-provider-ome/clients/api_utility.go:170.21,172.4 1 0
terraform-provider-ome/clients/api_utility.go:178.45,180.2 1 0
terraform-provider-ome/clients/api_utility.go:183.51,185.31 2 0
terraform-provider-ome/clients/api_utility.go:185.31,187.3 1 0
terraform-provider-ome/clients/api_utility.go:191.69,194.16 2 0
terraform-provider-ome/clients/api_utility.go:197.2,201.16 5 0
terraform-provider-ome/clients/api_utility.go:204.2,205.24 2 0
terraform-provider-ome/clients/api_utility.go:219.2,222.12 3 0
terraform-provider-ome/clients/api_utility.go:194.16,196.3 1 0
terraform-provider-ome/clients/api_utility.go:201.16,203.3 1 0
terraform-provider-ome/clients/api_utility.go:205.24,207.17 2 0
terraform-provider-ome/clients/api_utility.go:210.3,213.17 4 0
terraform-provider-ome/clients/api_utility.go:216.3,216.41 1 0
terraform-provider-ome/clients/api_utility.go:207.17,209.4 1 0
terraform-provider-ome/clients/api_utility.go:213.17,215.4 1 0
terraform-provider-ome/clients/api_utility.go:226.114,229.16 2 0
terraform-provider-ome/clients/api_utility.go:232.2,236.16 5 0
terraform-provider-ome/clients/api_utility.go:239.2,240.24 2 0
terraform-provider-ome/clients/api_utility.go:254.2,257.12 3 0
terraform-provider-ome/clients/api_utility.go:229.16,231.3 1 0
terraform-provider-ome/clients/api_utility.go:236.16,238.3 1 0
terraform-provider-ome/clients/api_utility.go:240.24,242.17 2 0
terraform-provider-ome/clients/api_utility.go:245.3,248.17 4 0
terraform-provider-ome/clients/api_utility.go:251.3,251.41 1 0
terraform-provider-ome/clients/api_utility.go:242.17,244.4 1 0
terraform-provider-ome/clients/api_utility.go:248.17,250.4 1 0
terraform-provider-ome/clients/device.go:24.83,30.16 5 0
terraform-provider-ome/clients/device.go:35.2,35.17 1 0
terraform-provider-ome/clients/device.go:39.2,41.16 2 0
terraform-provider-ome/clients/device.go:54.2,54.20 1 0
terraform-provider-ome/clients/device.go:30.16,33.3 2 0
terraform-provider-ome/clients/device.go:35.17,37.3 1 0
terraform-provider-ome/clients/device.go:41.16,45.17 4 0
terraform-provider-ome/clients/device.go:45.17,46.30 1 0
terraform-provider-ome/clients/device.go:46.30,49.5 2 0
terraform-provider-ome/clients/device.go:49.10,51.5 1 0
terraform-provider-ome/clients/device.go:58.80,64.16 5 0
terraform-provider-ome/clients/device.go:69.2,69.17 1 0
terraform-provider-ome/clients/device.go:73.2,75.16 2 0
terraform-provider-ome/clients/device.go:88.2,88.22 1 0
terraform-provider-ome/clients/device.go:64.16,67.3 2 0
terraform-provider-ome/clients/device.go:69.17,71.3 1 0
terraform-provider-ome/clients/device.go:75.16,79.17 4 0
terraform-provider-ome/clients/device.go:79.17,80.30 1 0
terraform-provider-ome/clients/device.go:80.30,83.5 2 0
terraform-provider-ome/clients/device.go:83.10,85.5 1 0
terraform-provider-ome/clients/device.go:92.113,96.21 4 0
terraform-provider-ome/clients/device.go:111.2,112.26 2 0
terraform-provider-ome/clients/device.go:127.2,129.25 3 0
terraform-provider-ome/clients/device.go:139.2,139.27 1 0
terraform-provider-ome/clients/device.go:144.2,144.74 1 0
terraform-provider-ome/clients/device.go:96.21,97.32 1 0
terraform-provider-ome/clients/device.go:106.3,106.30 1 0
terraform-provider-ome/clients/device.go:97.32,99.18 2 0
terraform-provider-ome/clients/device.go:99.18,102.5 2 0
terraform-provider-ome/clients/device.go:102.10,104.5 1 0
terraform-provider-ome/clients/device.go:106.30,108.4 1 0
terraform-provider-ome/clients/device.go:112.26,113.42 1 0
terraform-provider-ome/clients/device.go:122.3,122.34 1 0
terraform-provider-ome/clients/device.go:113.42,115.18 2 0
terraform-provider-ome/clients/device.go:115.18,118.5 2 0
terraform-provider-ome/clients/device.go:118.10,120.5 1 0
terraform-provider-ome/clients/device.go:122.34,124.4 1 0
terraform-provider-ome/clients/device.go:129.25,130.40 1 0
terraform-provider-ome/clients/device.go:130.40,132.45 2 0
terraform-provider-ome/clients/device.go:135.4,135.57 1 0
terraform-provider-ome/clients/device.go:132.45,134.5 1 0
terraform-provider-ome/clients/device.go:139.27,142.3 2 0
terraform-provider-ome/clients/device.go:148.76,151.33 3 0
terraform-provider-ome/clients/device.go:158.2,158.22 1 0
terraform-provider-ome/clients/device.go:151.33,152.42 1 0
terraform-provider-ome/clients/device.go:152.42,156.4 2 0
terraform-provider-ome/clients/device.go:162.114,167.33 5 0
terraform-provider-ome/clients/device.go:175.2,175.58 1 0
terraform-provider-ome/clients/device.go:167.33,168.42 1 0
terraform-provider-ome/clients/device.go:168.42,173.4 4 0
terraform-provider-ome/clients/device.go:179.76,189.16 4 0
terraform-provider-ome/clients/device.go:192.2,193.16 2 0
terraform-provider-ome/clients/device.go:196.2,196.34 1 0
terraform-provider-ome/clients/device.go:201.2,201.17 1 0
terraform-provider-ome/clients/device.go:189.16,191.3 1 0
terraform-provider-ome/clients/device.go:193.16,195.3 1 0
terraform-provider-ome/clients/device.go:196.34,197.28 1 0
terraform-provider-ome/clients/device.go:197.28,199.4 1 0
terraform-provider-ome/clients/device.go:205.83,208.16 3 0
terraform-provider-ome/clients/device.go:212.2,214.16 3 0
terraform-provider-ome/clients/device.go:217.2,217.21 1 0
terraform-provider-ome/clients/device.go:208.16,210.3 1 0
terraform-provider-ome/clients/device.go:214.16,216.3 1 0
terraform-provider-ome/clients/network_config.go:19.70,22.16 3 0
terraform-provider-ome/clients/network_config.go:25.2,25.22 1 0
terraform-provider-ome/clients/network_config.go:22.16,24.3 1 0
terraform-provider-ome/clients/template.go:25.142,27.16 2 0
terraform-provider-ome/clients/template.go:30.2,33.16 4 0
terraform-provider-ome/clients/template.go:36.2,38.16 3 0
terraform-provider-ome/clients/template.go:42.2,43.16 2 0
terraform-provider-ome/clients/template.go:63.2,63.27 1 0
terraform-provider-ome/clients/template.go:27.16,29.3 1 0
terraform-provider-ome/clients/template.go:33.16,35.3 1 0
terraform-provider-ome/clients/template.go:38.16,40.3 1 0
terraform-provider-ome/clients/template.go:43.16,45.3 1 0
terraform-provider-ome/clients/template.go:45.8,47.50 1 0
terraform-provider-ome/clients/template.go:47.50,49.18 2 0
terraform-provider-ome/clients/template.go:52.4,59.62 2 0
terraform-provider-ome/clients/template.go:49.18,51.5 1 0
terraform-provider-ome/clients/template.go:66.133,68.45 2 0
terraform-provider-ome/clients/template.go:77.2,77.87 1 0
terraform-provider-ome/clients/template.go:68.45,69.63 1 0
terraform-provider-ome/clients/template.go:69.63,71.45 2 0
terraform-provider-ome/clients/template.go:74.4,74.82 1 0
terraform-provider-ome/clients/template.go:71.45,73.5 1 0
terraform-provider-ome/clients/template.go:80.133,83.42 3 0
terraform-provider-ome/clients/template.go:98.2,98.79 1 0
terraform-provider-ome/clients/template.go:83.42,84.59 1 0
terraform-provider-ome/clients/template.go:84.59,87.18 3 0
terraform-provider-ome/clients/template.go:90.4,90.54 1 0
terraform-provider-ome/clients/template.go:95.4,95.76 1 0
terraform-provider-ome/clients/template.go:87.18,89.5 1 0
terraform-provider-ome/clients/template.go:90.54,91.101 1 0
terraform-provider-ome/clients/template.go:91.101,93.6 1 0
terraform-provider-ome/clients/template.go:101.109,103.47 1 0
terraform-provider-ome/clients/template.go:103.47,105.3 1 0
terraform-provider-ome/clients/template.go:109.121,110.52 1 0
terraform-provider-ome/clients/template.go:110.52,111.54 1 0
terraform-provider-ome/clients/template.go:111.54,115.4 2 0
terraform-provider-ome/clients/template.go:115.9,117.36 2 0
terraform-provider-ome/clients/template.go:117.36,126.5 2 0
terraform-provider-ome/clients/template.go:132.74,135.16 3 0
terraform-provider-ome/clients/template.go:138.2,140.17 3 0
terraform-provider-ome/clients/template.go:135.16,137.3 1 0
terraform-provider-ome/clients/template.go:144.64,149.16 4 0
terraform-provider-ome/clients/template.go:153.2,157.16 4 0
terraform-provider-ome/clients/template.go:161.2,161.31 1 0
terraform-provider-ome/clients/template.go:168.2,168.24 1 0
terraform-provider-ome/clients/template.go:149.16,151.3 1 0
terraform-provider-ome/clients/template.go:157.16,159.3 1 0
terraform-provider-ome/clients/template.go:161.31,162.51 1 0
terraform-provider-ome/clients/template.go:162.51,164.9 2 0
terraform-provider-ome/clients/template.go:172.68,177.16 4 0
terraform-provider-ome/clients/template.go:181.2,185.16 4 0
terraform-provider-ome/clients/template.go:189.2,189.31 1 0
terraform-provider-ome/clients/template.go:196.2,196.26 1 0
terraform-provider-ome/clients/template.go:177.16,179.3 1 0
terraform-provider-ome/clients/template.go:185.16,187.3 1 0
terraform-provider-ome/clients/template.go:189.31,190.46 1 0
terraform-provider-ome/clients/template.go:190.46,192.9 2 0
terraform-provider-ome/clients/template.go:200.72,203.16 3 0
terraform-provider-ome/clients/template.go:207.2,210.16 3 0
terraform-provider-ome/clients/template.go:214.2,214.25 1 0
terraform-provider-ome/clients/template.go:203.16,205.3 1 0
terraform-provider-ome/clients/template.go:210.16,212.3 1 0
terraform-provider-ome/clients/template.go:218.77,221.16 3 0
terraform-provider-ome/clients/template.go:224.2,224.35 1 0
terraform-provider-ome/clients/template.go:227.2,227.47 1 0
terraform-provider-ome/clients/template.go:232.2,232.34 1 0
terraform-provider-ome/clients/template.go:221.16,223.3 1 0
terraform-provider-ome/clients/template.go:224.35,226.3 1 0
terraform-provider-ome/clients/template.go:227.47,228.28 1 0
terraform-provider-ome/clients/template.go:228.28,230.4 1 0
terraform-provider-ome/clients/template.go:236.65,241.2 4 0
terraform-provider-ome/clients/template.go:244.82,246.16 2 0
terraform-provider-ome/clients/template.go:249.2,253.16 4 0
terraform-provider-ome/clients/template.go:256.2,256.57 1 0
terraform-provider-ome/clients/template.go:262.2,262.72 1 0
terraform-provider-ome/clients/template.go:246.16,248.3 1 0
terraform-provider-ome/clients/template.go:253.16,255.3 1 0
terraform-provider-ome/clients/template.go:256.57,257.35 1 0
terraform-provider-ome/clients/template.go:257.35,259.4 1 0
terraform-provider-ome/clients/template.go:266.77,268.16 2 0
terraform-provider-ome/clients/template.go:271.2,275.16 4 0
terraform-provider-ome/clients/template.go:279.2,279.29 1 0
terraform-provider-ome/clients/template.go:268.16,270.3 1 0
terraform-provider-ome/clients/template.go:275.16,277.3 1 0
terraform-provider-ome/clients/template.go:283.153,285.57 2 0
terraform-provider-ome/clients/template.go:300.2,300.56 1 0
terraform-provider-ome/clients/template.go:285.57,286.34 1 0
terraform-provider-ome/clients/template.go:286.34,287.48 1 0
terraform-provider-ome/clients/template.go:287.48,288.42 1 0
terraform-provider-ome/clients/template.go:288.42,289.52 1 0
terraform-provider-ome/clients/template.go:289.52,290.103 1 0
terraform-provider-ome/clients/template.go:290.103,293.8 2 0
terraform-provider-ome/clients/template.go:303.106,305.39 2 0
terraform-provider-ome/clients/template.go:316.2,316.17 1 0
terraform-provider-ome/clients/template.go:305.39,306.25 1 0
terraform-provider-ome/clients/template.go:307.26,309.41 2 0
terraform-provider-ome/clients/template.go:310.19,311.76 1 0
terraform-provider-ome/clients/template.go:312.21,313.61 1 0
terraform-provider-ome/clients/template.go:321.92,324.16 3 0
terraform-provider-ome/clients/template.go:327.2,331.16 4 0
terraform-provider-ome/clients/template.go:334.2,334.26 1 0
terraform-provider-ome/clients/template.go:324.16,326.3 1 0
terraform-provider-ome/clients/template.go:331.16,333.3 1 0
terraform-provider-ome/clients/template.go:338.82,342.2 3 0
terraform-provider-ome/clients/template.go:344.58,346.46 2 0
terraform-provider-ome/clients/template.go:349.2,349.29 1 0
terraform-provider-ome/clients/template.go:352.2,352.17 1 0
terraform-provider-ome/clients/template.go:346.46,348.3 1 0
terraform-provider-ome/clients/template.go:349.29,351.3 1 0
terraform-provider-ome/clients/template.go:356.78,359.16 3 0
terraform-provider-ome/clients/template.go:363.2,363.57 1 0
terraform-provider-ome/clients/template.go:373.2,373.25 1 0
terraform-provider-ome/clients/template.go:359.16,361.3 1 0
terraform-provider-ome/clients/template.go:363.57,364.26 1 0
terraform-provider-ome/clients/template.go:365.41,366.107 1 0
terraform-provider-ome/clients/template.go:367.17,368.80 1 0
terraform-provider-ome/clients/template.go:369.11,370.12 1 0
terraform-provider-ome/clients/template.go:377.107,379.38 2 0
terraform-provider-ome/clients/template.go:382.2,382.22 1 0
terraform-provider-ome/clients/template.go:379.38,381.3 1 0
terraform-provider-ome/clients/template.go:386.108,389.16 3 0
terraform-provider-ome/clients/template.go:393.2,395.27 3 0
terraform-provider-ome/clients/template.go:389.16,391.3 1 0
terraform-provider-ome/clients/template.go:399.96,402.16 3 0
terraform-provider-ome/clients/template.go:405.2,407.27 3 0
terraform-provider-ome/clients/template.go:402.16,404.3 1 0
terraform-provider-ome/clients/template.go:410.90,412.37 2 0
terraform-provider-ome/clients/template.go:429.2,429.18 1 0
terraform-provider-ome/clients/template.go:412.37,414.30 2 0
terraform-provider-ome/clients/template.go:414.30,418.41 4 0
terraform-provider-ome/clients/template.go:425.4,425.43 1 0
terraform-provider-ome/clients/template.go:418.41,424.5 5 0
terraform-provider-ome/clients/template.go:431.82,432.25 1 0
terraform-provider-ome/clients/template.go:437.2,437.11 1 0
terraform-provider-ome/clients/template.go:432.25,433.36 1 0
terraform-provider-ome/clients/template.go:433.36,435.4 1 0
terraform-provider-ome/clients/utility.go:24.84,26.47 2 0
terraform-provider-ome/clients/utility.go:30.2,30.45 1 0
terraform-provider-ome/clients/utility.go:33.2,33.26 1 0
terraform-provider-ome/clients/utility.go:38.2,38.29 1 0
terraform-provider-ome/clients/utility.go:26.47,28.3 1 0
terraform-provider-ome/clients/utility.go:30.45,32.3 1 0
terraform-provider-ome/clients/utility.go:33.26,35.3 1 0
terraform-provider-ome/clients/utility.go:35.8,35.28 1 0
terraform-provider-ome/clients/utility.go:35.28,37.3 1 0
terraform-provider-ome/clients/utility.go:42.58,44.33 2 0
terraform-provider-ome/clients/utility.go:48.2,49.32 2 0
terraform-provider-ome/clients/utility.go:56.2,56.13 1 0
terraform-provider-ome/clients/utility.go:44.33,46.3 1 0
terraform-provider-ome/clients/utility.go:49.32,50.28 1 0
terraform-provider-ome/clients/utility.go:54.3,54.27 1 0
terraform-provider-ome/clients/utility.go:50.28,52.12 2 0
terraform-provider-ome/clients/utility.go:60.61,62.33 2 0
terraform-provider-ome/clients/utility.go:66.2,67.32 2 0
terraform-provider-ome/clients/utility.go:74.2,74.13 1 0
terraform-provider-ome/clients/utility.go:62.33,64.3 1 0
terraform-provider-ome/clients/utility.go:67.32,68.28 1 0
terraform-provider-ome/clients/utility.go:72.3,72.27 1 0
terraform-provider-ome/clients/utility.go:68.28,70.12 2 0
terraform-provider-ome/clients/utility.go:78.57,80.32 2 0
terraform-provider-ome/clients/utility.go:85.2,85.14 1 0
terraform-provider-ome/clients/utility.go:80.32,81.21 1 0
terraform-provider-ome/clients/utility.go:81.21,83.4 1 0
terraform-provider-ome/clients/utility.go:89.61,93.2 3 0
terraform-provider-ome/clients/client.go:76.53,86.18 2 1
terraform-provider-ome/clients/client.go:110.2,110.23 1 1
terraform-provider-ome/clients/client.go:86.18,93.3 1 1
terraform-provider-ome/clients/client.go:93.8,95.28 2 0
terraform-provider-ome/clients/client.go:103.3,108.4 1 0
terraform-provider-ome/clients/client.go:95.28,97.22 2 0
terraform-provider-ome/clients/client.go:100.4,100.40 1 0
terraform-provider-ome/clients/client.go:97.22,99.5 1 0
terraform-provider-ome/clients/client.go:114.34,116.2 1 0
terraform-provider-ome/clients/client.go:119.47,121.2 1 1
terraform-provider-ome/clients/client.go:124.40,126.2 1 0
terraform-provider-ome/clients/client.go:129.43,131.2 1 0
terraform-provider-ome/clients/client.go:134.42,136.2 1 0
terraform-provider-ome/clients/client.go:139.45,141.2 1 0
terraform-provider-ome/clients/client.go:144.60,147.2 2 0
terraform-provider-ome/clients/client.go:153.57,156.2 1 1
terraform-provider-ome/clients/client.go:162.39,165.2 1 1
terraform-provider-ome/clients/client.go:171.39,174.2 1 0
terraform-provider-ome/clients/client.go:180.39,183.2 1 0
terraform-provider-ome/clients/client.go:189.57,192.2 1 0
terraform-provider-ome/clients/client.go:200.39,207.29 3 1
terraform-provider-ome/clients/client.go:211.2,219.50 5 1
terraform-provider-ome/clients/client.go:236.2,237.92 1 1
terraform-provider-ome/clients/client.go:242.2,242.22 1 1
terraform-provider-ome/clients/client.go:207.29,209.3 1 0
terraform-provider-ome/clients/client.go:219.50,221.17 2 1
terraform-provider-ome/clients/client.go:221.17,222.51 1 0
terraform-provider-ome/clients/client.go:222.51,226.5 3 0
terraform-provider-ome/clients/client.go:226.10,228.10 2 0
terraform-provider-ome/clients/client.go:231.9,232.9 1 1
terraform-provider-ome/clients/client.go:237.92,240.3 2 1
terraform-provider-ome/clients/client.go:246.79,247.32 1 1
terraform-provider-ome/clients/client.go:247.32,249.3 1 1
terraform-provider-ome/clients/client.go:253.87,255.36 2 1
terraform-provider-ome/clients/client.go:259.2,259.67 1 1
terraform-provider-ome/clients/client.go:255.36,257.3 1 0
terraform-provider-ome/clients/client.go:263.66,265.17 1 1
terraform-provider-ome/clients/client.go:269.2,272.16 3 1
terraform-provider-ome/clients/client.go:275.2,275.18 1 1
terraform-provider-ome/clients/client.go:265.17,267.3 1 0
terraform-provider-ome/clients/client.go:272.16,274.3 1 0
terraform-provider-ome/clients/client.go:279.62,281.2 1 1
terraform-provider-ome/clients/client.go:284.67,286.2 1 1
terraform-provider-ome/clients/client.go:289.72,291.51 2 0
terraform-provider-ome/clients/client.go:294.2,295.9 2 0
terraform-provider-ome/clients/client.go:299.2,299.50 1 0
terraform-provider-ome/clients/client.go:302.2,302.12 1 0
terraform-provider-ome/clients/client.go:291.51,293.3 1 0
terraform-provider-ome/clients/client.go:295.9,297.3 1 0
terraform-provider-ome/clients/client.go:299.50,301.3 1 0
terraform-provider-ome/clients/client.go:306.78,308.57 2 0
terraform-provider-ome/clients/client.go:311.2,311.27 1 0
terraform-provider-ome/clients/client.go:316.2,318.50 3 0
terraform-provider-ome/clients/client.go:321.2,321.12 1 0
terraform-provider-ome/clients/client.go:308.57,310.3 1 0
terraform-provider-ome/clients/client.go:311.27,313.3 1 0
terraform-provider-ome/clients/client.go:313.8,313.18 1 0
terraform-provider-ome/clients/client.go:313.18,315.3 1 0
terraform-provider-ome/clients/client.go:318.50,320.3 1 0
terraform-provider-ome/clients/configuration_baseline.go:23.107,26.16 3 0
terraform-provider-ome/clients/configuration_baseline.go:29.2,33.25 4 0
terraform-provider-ome/clients/configuration_baseline.go:26.16,28.3 1 0
terraform-provider-ome/clients/configuration_baseline.go:37.107,40.16 3 0
terraform-provider-ome/clients/configuration_baseline.go:43.2,47.25 4 0
terraform-provider-ome/clients/configuration_baseline.go:40.16,42.3 1 0
terraform-provider-ome/clients/configuration_baseline.go:51.60,55.16 4 0
terraform-provider-ome/clients/configuration_baseline.go:58.2,58.12 1 0
terraform-provider-ome/clients/configuration_baseline.go:55.16,57.3 1 0
terraform-provider-ome/clients/configuration_baseline.go:62.72,65.16 3 0
terraform-provider-ome/clients/configuration_baseline.go:69.2,71.25 3 0
terraform-provider-ome/clients/configuration_baseline.go:65.16,67.3 1 0
terraform-provider-ome/clients/configuration_baseline.go:75.77,77.16 2 0
terraform-provider-ome/clients/configuration_baseline.go:80.2,80.25 1 0
terraform-provider-ome/clients/configuration_baseline.go:77.16,79.3 1 0
terraform-provider-ome/clients/configuration_baseline.go:84.111,87.16 3 0
terraform-provider-ome/clients/configuration_baseline.go:90.2,90.16 1 0
terraform-provider-ome/clients/configuration_baseline.go:87.16,89.3 1 0
terraform-provider-ome/clients/configuration_baseline.go:94.108,96.16 2 0
terraform-provider-ome/clients/configuration_baseline.go:99.2,100.30 2 0
terraform-provider-ome/clients/configuration_baseline.go:96.16,98.3 1 0
terraform-provider-ome/clients/configuration_baseline.go:103.76,106.16 3 0
terraform-provider-ome/clients/configuration_baseline.go:110.2,112.16 3 0
terraform-provider-ome/clients/configuration_baseline.go:115.2,115.49 1 0
terraform-provider-ome/clients/configuration_baseline.go:120.2,120.34 1 0
terraform-provider-ome/clients/configuration_baseline.go:123.2,123.72 1 0
terraform-provider-ome/clients/configuration_baseline.go:106.16,108.3 1 0
terraform-provider-ome/clients/configuration_baseline.go:112.16,114.3 1 0
terraform-provider-ome/clients/configuration_baseline.go:115.49,116.31 1 0
terraform-provider-ome/clients/configuration_baseline.go:116.31,118.4 1 0
terraform-provider-ome/clients/configuration_baseline.go:120.34,122.3 1 0
terraform-provider-ome/clients/configuration_baseline.go:127.101,130.16 3 0
terraform-provider-ome/clients/configuration_baseline.go:133.2,135.17 3 0
terraform-provider-ome/clients/configuration_baseline.go:130.16,132.3 1 0
terraform-provider-ome/clients/configuration_baseline.go:139.112,142.16 3 0
terraform-provider-ome/clients/configuration_baseline.go:145.2,145.31 1 0
terraform-provider-ome/clients/configuration_baseline.go:142.16,144.3 1 0
terraform-provider-ome/clients/configuration_baseline.go:149.124,154.16 4 0
terraform-provider-ome/clients/configuration_baseline.go:157.2,159.16 3 0
terraform-provider-ome/clients/configuration_baseline.go:162.2,162.39 1 0
terraform-provider-ome/clients/configuration_baseline.go:165.2,165.105 1 0
terraform-provider-ome/clients/configuration_baseline.go:154.16,156.3 1 0
terraform-provider-ome/clients/configuration_baseline.go:159.16,161.3 1 0
terraform-provider-ome/clients/configuration_baseline.go:162.39,164.3 1 0
