mode: set
terraform-provider-ome/ome/datasource_template.go:22.52,24.2 1 1
terraform-provider-ome/ome/datasource_template.go:31.130,32.29 1 1
terraform-provider-ome/ome/datasource_template.go:35.2,35.39 1 1
terraform-provider-ome/ome/datasource_template.go:32.29,34.3 1 1
terraform-provider-ome/ome/datasource_template.go:39.125,41.2 1 1
terraform-provider-ome/ome/datasource_template.go:43.116,129.2 1 1
terraform-provider-ome/ome/datasource_template.go:132.114,136.33 4 1
terraform-provider-ome/ome/datasource_template.go:139.2,141.16 3 1
terraform-provider-ome/ome/datasource_template.go:149.2,150.16 2 1
terraform-provider-ome/ome/datasource_template.go:157.2,162.46 4 1
terraform-provider-ome/ome/datasource_template.go:165.2,165.16 1 1
terraform-provider-ome/ome/datasource_template.go:172.2,173.16 2 1
terraform-provider-ome/ome/datasource_template.go:180.2,182.22 3 1
terraform-provider-ome/ome/datasource_template.go:190.2,191.16 2 1
terraform-provider-ome/ome/datasource_template.go:201.2,206.33 5 1
terraform-provider-ome/ome/datasource_template.go:136.33,138.3 1 0
terraform-provider-ome/ome/datasource_template.go:141.16,147.3 2 0
terraform-provider-ome/ome/datasource_template.go:150.16,156.3 2 0
terraform-provider-ome/ome/datasource_template.go:162.46,164.3 1 1
terraform-provider-ome/ome/datasource_template.go:165.16,170.3 2 0
terraform-provider-ome/ome/datasource_template.go:173.16,179.3 2 0
terraform-provider-ome/ome/datasource_template.go:182.22,188.3 2 0
terraform-provider-ome/ome/datasource_template.go:191.16,192.17 1 0
terraform-provider-ome/ome/datasource_template.go:192.17,198.4 2 0
terraform-provider-ome/ome/datasource_template.go:206.33,208.3 1 0
terraform-provider-ome/ome/datasource_template.go:211.171,223.50 10 1
terraform-provider-ome/ome/datasource_template.go:239.2,256.56 5 1
terraform-provider-ome/ome/datasource_template.go:286.2,325.27 3 1
terraform-provider-ome/ome/datasource_template.go:223.50,238.3 7 1
terraform-provider-ome/ome/datasource_template.go:256.56,261.41 4 1
terraform-provider-ome/ome/datasource_template.go:265.3,283.62 6 1
terraform-provider-ome/ome/datasource_template.go:261.41,263.4 1 1
terraform-provider-ome/ome/datasource_vlannetworks.go:19.55,21.2 1 1
terraform-provider-ome/ome/datasource_vlannetworks.go:28.134,29.29 1 1
terraform-provider-ome/ome/datasource_vlannetworks.go:32.2,32.39 1 1
terraform-provider-ome/ome/datasource_vlannetworks.go:29.29,31.3 1 1
terraform-provider-ome/ome/datasource_vlannetworks.go:36.129,38.2 1 1
terraform-provider-ome/ome/datasource_vlannetworks.go:40.120,96.2 1 1
terraform-provider-ome/ome/datasource_vlannetworks.go:99.118,104.16 4 1
terraform-provider-ome/ome/datasource_vlannetworks.go:112.2,113.16 2 1
terraform-provider-ome/ome/datasource_vlannetworks.go:120.2,123.16 3 1
terraform-provider-ome/ome/datasource_vlannetworks.go:131.2,131.37 1 1
terraform-provider-ome/ome/datasource_vlannetworks.go:144.2,146.33 3 1
terraform-provider-ome/ome/datasource_vlannetworks.go:104.16,110.3 2 0
terraform-provider-ome/ome/datasource_vlannetworks.go:113.16,119.3 2 0
terraform-provider-ome/ome/datasource_vlannetworks.go:123.16,129.3 2 0
terraform-provider-ome/ome/datasource_vlannetworks.go:131.37,142.3 2 1
terraform-provider-ome/ome/datasource_vlannetworks.go:146.33,148.3 1 0
terraform-provider-ome/ome/defaults.go:12.58,14.2 1 1
terraform-provider-ome/ome/defaults.go:22.83,24.2 1 1
terraform-provider-ome/ome/defaults.go:26.91,28.2 1 0
terraform-provider-ome/ome/defaults.go:30.144,32.31 1 1
terraform-provider-ome/ome/defaults.go:38.2,38.59 1 1
terraform-provider-ome/ome/defaults.go:42.2,42.34 1 1
terraform-provider-ome/ome/defaults.go:32.31,34.3 1 1
terraform-provider-ome/ome/defaults.go:38.59,40.3 1 1
terraform-provider-ome/ome/defaults.go:46.61,48.2 1 1
terraform-provider-ome/ome/defaults.go:55.80,57.2 1 1
terraform-provider-ome/ome/defaults.go:60.88,62.2 1 0
terraform-provider-ome/ome/defaults.go:65.148,67.31 1 1
terraform-provider-ome/ome/defaults.go:73.2,73.59 1 1
terraform-provider-ome/ome/defaults.go:77.2,77.34 1 1
terraform-provider-ome/ome/defaults.go:67.31,69.3 1 1
terraform-provider-ome/ome/defaults.go:73.59,75.3 1 1
terraform-provider-ome/ome/defaults.go:81.55,83.2 1 1
terraform-provider-ome/ome/defaults.go:91.78,93.2 1 1
terraform-provider-ome/ome/defaults.go:96.86,98.2 1 0
terraform-provider-ome/ome/defaults.go:101.140,103.31 1 1
terraform-provider-ome/ome/defaults.go:109.2,109.59 1 1
terraform-provider-ome/ome/defaults.go:113.2,113.34 1 1
terraform-provider-ome/ome/defaults.go:103.31,105.3 1 1
terraform-provider-ome/ome/defaults.go:109.59,111.3 1 1
terraform-provider-ome/ome/resource_configuration_baseline.go:36.59,38.2 1 1
terraform-provider-ome/ome/resource_configuration_baseline.go:45.137,46.29 1 1
terraform-provider-ome/ome/resource_configuration_baseline.go:49.2,49.39 1 1
terraform-provider-ome/ome/resource_configuration_baseline.go:46.29,48.3 1 1
terraform-provider-ome/ome/resource_configuration_baseline.go:53.133,55.2 1 1
terraform-provider-ome/ome/resource_configuration_baseline.go:58.123,168.2 1 1
terraform-provider-ome/ome/resource_configuration_baseline.go:171.127,177.33 5 1
terraform-provider-ome/ome/resource_configuration_baseline.go:181.2,184.16 3 1
terraform-provider-ome/ome/resource_configuration_baseline.go:192.2,193.16 2 1
terraform-provider-ome/ome/resource_configuration_baseline.go:201.2,203.16 3 1
terraform-provider-ome/ome/resource_configuration_baseline.go:210.2,214.16 4 1
terraform-provider-ome/ome/resource_configuration_baseline.go:222.2,226.22 4 1
terraform-provider-ome/ome/resource_configuration_baseline.go:231.2,232.22 2 1
terraform-provider-ome/ome/resource_configuration_baseline.go:237.2,239.16 3 1
terraform-provider-ome/ome/resource_configuration_baseline.go:247.2,248.16 2 1
terraform-provider-ome/ome/resource_configuration_baseline.go:255.2,261.16 4 1
terraform-provider-ome/ome/resource_configuration_baseline.go:268.2,273.16 4 1
terraform-provider-ome/ome/resource_configuration_baseline.go:279.2,285.16 3 1
terraform-provider-ome/ome/resource_configuration_baseline.go:291.2,300.33 5 1
terraform-provider-ome/ome/resource_configuration_baseline.go:177.33,179.3 1 0
terraform-provider-ome/ome/resource_configuration_baseline.go:184.16,190.3 2 0
terraform-provider-ome/ome/resource_configuration_baseline.go:193.16,199.3 2 0
terraform-provider-ome/ome/resource_configuration_baseline.go:203.16,209.3 2 0
terraform-provider-ome/ome/resource_configuration_baseline.go:214.16,220.3 2 1
terraform-provider-ome/ome/resource_configuration_baseline.go:226.22,229.3 2 0
terraform-provider-ome/ome/resource_configuration_baseline.go:232.22,235.3 2 0
terraform-provider-ome/ome/resource_configuration_baseline.go:239.16,245.3 2 0
terraform-provider-ome/ome/resource_configuration_baseline.go:248.16,253.3 2 0
terraform-provider-ome/ome/resource_configuration_baseline.go:261.16,266.3 2 0
terraform-provider-ome/ome/resource_configuration_baseline.go:273.16,278.3 2 0
terraform-provider-ome/ome/resource_configuration_baseline.go:285.16,289.3 1 0
terraform-provider-ome/ome/resource_configuration_baseline.go:300.33,302.3 1 0
terraform-provider-ome/ome/resource_configuration_baseline.go:306.121,311.33 4 1
terraform-provider-ome/ome/resource_configuration_baseline.go:316.2,317.16 2 1
terraform-provider-ome/ome/resource_configuration_baseline.go:325.2,326.16 2 1
terraform-provider-ome/ome/resource_configuration_baseline.go:333.2,337.41 3 1
terraform-provider-ome/ome/resource_configuration_baseline.go:342.2,343.16 2 1
terraform-provider-ome/ome/resource_configuration_baseline.go:350.2,354.33 4 1
terraform-provider-ome/ome/resource_configuration_baseline.go:311.33,313.3 1 0
terraform-provider-ome/ome/resource_configuration_baseline.go:317.16,323.3 2 0
terraform-provider-ome/ome/resource_configuration_baseline.go:326.16,332.3 2 0
terraform-provider-ome/ome/resource_configuration_baseline.go:337.41,339.3 1 1
terraform-provider-ome/ome/resource_configuration_baseline.go:339.8,339.56 1 1
terraform-provider-ome/ome/resource_configuration_baseline.go:339.56,341.3 1 1
terraform-provider-ome/ome/resource_configuration_baseline.go:343.16,348.3 2 0
terraform-provider-ome/ome/resource_configuration_baseline.go:354.33,356.3 1 0
terraform-provider-ome/ome/resource_configuration_baseline.go:360.127,365.33 4 1
terraform-provider-ome/ome/resource_configuration_baseline.go:370.2,373.33 4 1
terraform-provider-ome/ome/resource_configuration_baseline.go:377.2,378.16 2 1
terraform-provider-ome/ome/resource_configuration_baseline.go:387.2,388.16 2 1
terraform-provider-ome/ome/resource_configuration_baseline.go:396.2,397.16 2 1
terraform-provider-ome/ome/resource_configuration_baseline.go:404.2,411.36 4 1
terraform-provider-ome/ome/resource_configuration_baseline.go:435.2,437.16 3 1
terraform-provider-ome/ome/resource_configuration_baseline.go:445.2,449.22 4 1
terraform-provider-ome/ome/resource_configuration_baseline.go:454.2,455.22 2 1
terraform-provider-ome/ome/resource_configuration_baseline.go:460.2,463.16 3 1
terraform-provider-ome/ome/resource_configuration_baseline.go:471.2,472.16 2 1
terraform-provider-ome/ome/resource_configuration_baseline.go:478.2,486.16 5 1
terraform-provider-ome/ome/resource_configuration_baseline.go:493.2,498.16 4 1
terraform-provider-ome/ome/resource_configuration_baseline.go:504.2,510.16 3 1
terraform-provider-ome/ome/resource_configuration_baseline.go:516.2,526.33 5 1
terraform-provider-ome/ome/resource_configuration_baseline.go:365.33,367.3 1 0
terraform-provider-ome/ome/resource_configuration_baseline.go:373.33,375.3 1 0
terraform-provider-ome/ome/resource_configuration_baseline.go:378.16,384.3 2 0
terraform-provider-ome/ome/resource_configuration_baseline.go:388.16,394.3 2 0
terraform-provider-ome/ome/resource_configuration_baseline.go:397.16,403.3 2 0
terraform-provider-ome/ome/resource_configuration_baseline.go:411.36,413.17 2 1
terraform-provider-ome/ome/resource_configuration_baseline.go:420.3,426.53 2 1
terraform-provider-ome/ome/resource_configuration_baseline.go:413.17,419.4 2 0
terraform-provider-ome/ome/resource_configuration_baseline.go:426.53,432.4 2 0
terraform-provider-ome/ome/resource_configuration_baseline.go:437.16,443.3 2 1
terraform-provider-ome/ome/resource_configuration_baseline.go:449.22,452.3 2 0
terraform-provider-ome/ome/resource_configuration_baseline.go:455.22,458.3 2 0
terraform-provider-ome/ome/resource_configuration_baseline.go:463.16,469.3 2 0
terraform-provider-ome/ome/resource_configuration_baseline.go:472.16,477.3 2 0
terraform-provider-ome/ome/resource_configuration_baseline.go:486.16,491.3 2 0
terraform-provider-ome/ome/resource_configuration_baseline.go:498.16,503.3 2 0
terraform-provider-ome/ome/resource_configuration_baseline.go:510.16,514.3 1 0
terraform-provider-ome/ome/resource_configuration_baseline.go:526.33,528.3 1 0
terraform-provider-ome/ome/resource_configuration_baseline.go:532.127,537.33 4 1
terraform-provider-ome/ome/resource_configuration_baseline.go:542.2,543.16 2 1
terraform-provider-ome/ome/resource_configuration_baseline.go:551.2,552.16 2 1
terraform-provider-ome/ome/resource_configuration_baseline.go:559.2,563.16 3 1
terraform-provider-ome/ome/resource_configuration_baseline.go:569.2,569.32 1 1
terraform-provider-ome/ome/resource_configuration_baseline.go:537.33,539.3 1 0
terraform-provider-ome/ome/resource_configuration_baseline.go:543.16,549.3 2 0
terraform-provider-ome/ome/resource_configuration_baseline.go:552.16,558.3 2 0
terraform-provider-ome/ome/resource_configuration_baseline.go:563.16,568.3 1 0
terraform-provider-ome/ome/resource_configuration_baseline.go:573.142,579.16 4 1
terraform-provider-ome/ome/resource_configuration_baseline.go:587.2,588.16 2 1
terraform-provider-ome/ome/resource_configuration_baseline.go:596.2,599.16 3 1
terraform-provider-ome/ome/resource_configuration_baseline.go:603.2,605.33 3 1
terraform-provider-ome/ome/resource_configuration_baseline.go:609.2,609.47 1 1
terraform-provider-ome/ome/resource_configuration_baseline.go:612.2,612.42 1 1
terraform-provider-ome/ome/resource_configuration_baseline.go:615.2,621.33 6 1
terraform-provider-ome/ome/resource_configuration_baseline.go:579.16,585.3 2 0
terraform-provider-ome/ome/resource_configuration_baseline.go:588.16,594.3 2 0
terraform-provider-ome/ome/resource_configuration_baseline.go:599.16,602.3 2 0
terraform-provider-ome/ome/resource_configuration_baseline.go:605.33,607.3 1 0
terraform-provider-ome/ome/resource_configuration_baseline.go:609.47,611.3 1 1
terraform-provider-ome/ome/resource_configuration_baseline.go:612.42,614.3 1 1
terraform-provider-ome/ome/resource_configuration_baseline.go:621.33,623.3 1 0
terraform-provider-ome/ome/resource_configuration_baseline.go:626.133,627.49 1 1
terraform-provider-ome/ome/resource_configuration_baseline.go:630.2,630.48 1 1
terraform-provider-ome/ome/resource_configuration_baseline.go:633.2,634.16 2 1
terraform-provider-ome/ome/resource_configuration_baseline.go:637.2,637.52 1 1
terraform-provider-ome/ome/resource_configuration_baseline.go:640.2,640.25 1 1
terraform-provider-ome/ome/resource_configuration_baseline.go:627.49,629.3 1 1
terraform-provider-ome/ome/resource_configuration_baseline.go:630.48,632.3 1 1
terraform-provider-ome/ome/resource_configuration_baseline.go:634.16,636.3 1 0
terraform-provider-ome/ome/resource_configuration_baseline.go:637.52,639.3 1 1
terraform-provider-ome/ome/resource_configuration_baseline.go:643.130,646.16 3 1
terraform-provider-ome/ome/resource_configuration_baseline.go:649.2,649.33 1 1
terraform-provider-ome/ome/resource_configuration_baseline.go:661.2,661.30 1 1
terraform-provider-ome/ome/resource_configuration_baseline.go:664.2,664.21 1 1
terraform-provider-ome/ome/resource_configuration_baseline.go:646.16,648.3 1 0
terraform-provider-ome/ome/resource_configuration_baseline.go:649.33,651.62 2 1
terraform-provider-ome/ome/resource_configuration_baseline.go:657.3,657.19 1 1
terraform-provider-ome/ome/resource_configuration_baseline.go:651.62,652.30 1 1
terraform-provider-ome/ome/resource_configuration_baseline.go:652.30,654.10 2 1
terraform-provider-ome/ome/resource_configuration_baseline.go:657.19,659.4 1 0
terraform-provider-ome/ome/resource_configuration_baseline.go:661.30,663.3 1 0
terraform-provider-ome/ome/resource_configuration_baseline.go:667.220,674.44 6 1
terraform-provider-ome/ome/resource_configuration_baseline.go:735.2,736.33 2 1
terraform-provider-ome/ome/resource_configuration_baseline.go:768.2,771.8 4 1
terraform-provider-ome/ome/resource_configuration_baseline.go:674.44,678.55 4 1
terraform-provider-ome/ome/resource_configuration_baseline.go:683.3,683.49 1 1
terraform-provider-ome/ome/resource_configuration_baseline.go:687.3,687.32 1 1
terraform-provider-ome/ome/resource_configuration_baseline.go:694.3,694.29 1 1
terraform-provider-ome/ome/resource_configuration_baseline.go:700.3,705.35 3 1
terraform-provider-ome/ome/resource_configuration_baseline.go:678.55,681.4 2 1
terraform-provider-ome/ome/resource_configuration_baseline.go:683.49,685.4 1 1
terraform-provider-ome/ome/resource_configuration_baseline.go:687.32,688.42 1 1
terraform-provider-ome/ome/resource_configuration_baseline.go:688.42,691.5 2 1
terraform-provider-ome/ome/resource_configuration_baseline.go:694.29,695.37 1 1
terraform-provider-ome/ome/resource_configuration_baseline.go:695.37,697.5 1 1
terraform-provider-ome/ome/resource_configuration_baseline.go:706.8,710.55 4 1
terraform-provider-ome/ome/resource_configuration_baseline.go:715.3,717.32 2 1
terraform-provider-ome/ome/resource_configuration_baseline.go:724.3,724.29 1 1
terraform-provider-ome/ome/resource_configuration_baseline.go:730.3,732.51 3 1
terraform-provider-ome/ome/resource_configuration_baseline.go:710.55,713.4 2 1
terraform-provider-ome/ome/resource_configuration_baseline.go:717.32,718.42 1 1
terraform-provider-ome/ome/resource_configuration_baseline.go:718.42,721.5 2 1
terraform-provider-ome/ome/resource_configuration_baseline.go:724.29,725.37 1 0
terraform-provider-ome/ome/resource_configuration_baseline.go:725.37,727.5 1 0
terraform-provider-ome/ome/resource_configuration_baseline.go:736.33,741.57 4 1
terraform-provider-ome/ome/resource_configuration_baseline.go:745.3,749.74 4 1
terraform-provider-ome/ome/resource_configuration_baseline.go:755.3,755.47 1 1
terraform-provider-ome/ome/resource_configuration_baseline.go:741.57,743.4 1 1
terraform-provider-ome/ome/resource_configuration_baseline.go:749.74,751.4 1 1
terraform-provider-ome/ome/resource_configuration_baseline.go:751.9,753.4 1 1
terraform-provider-ome/ome/resource_configuration_baseline.go:755.47,757.4 1 1
terraform-provider-ome/ome/resource_configuration_baseline.go:757.9,759.4 1 1
terraform-provider-ome/ome/resource_configuration_baseline.go:760.8,767.3 5 1
terraform-provider-ome/ome/resource_configuration_baseline.go:774.165,782.41 3 1
terraform-provider-ome/ome/resource_configuration_baseline.go:792.2,794.31 2 1
terraform-provider-ome/ome/resource_configuration_baseline.go:827.2,827.17 1 1
terraform-provider-ome/ome/resource_configuration_baseline.go:782.41,791.3 2 1
terraform-provider-ome/ome/resource_configuration_baseline.go:794.31,795.47 1 1
terraform-provider-ome/ome/resource_configuration_baseline.go:798.3,800.49 3 1
terraform-provider-ome/ome/resource_configuration_baseline.go:807.3,807.73 1 1
terraform-provider-ome/ome/resource_configuration_baseline.go:811.3,812.40 2 1
terraform-provider-ome/ome/resource_configuration_baseline.go:816.3,824.51 2 1
terraform-provider-ome/ome/resource_configuration_baseline.go:795.47,797.4 1 0
terraform-provider-ome/ome/resource_configuration_baseline.go:800.49,802.18 2 1
terraform-provider-ome/ome/resource_configuration_baseline.go:802.18,804.5 1 0
terraform-provider-ome/ome/resource_configuration_baseline.go:807.73,809.4 1 0
terraform-provider-ome/ome/resource_configuration_baseline.go:812.40,814.4 1 1
terraform-provider-ome/ome/resource_configuration_baseline.go:830.97,835.42 5 1
terraform-provider-ome/ome/resource_configuration_baseline.go:844.2,844.22 1 1
terraform-provider-ome/ome/resource_configuration_baseline.go:835.42,839.17 4 1
terraform-provider-ome/ome/resource_configuration_baseline.go:842.3,842.27 1 1
terraform-provider-ome/ome/resource_configuration_baseline.go:839.17,841.4 1 0
terraform-provider-ome/ome/resource_configuration_baseline.go:847.126,849.16 2 1
terraform-provider-ome/ome/resource_configuration_baseline.go:854.2,855.16 2 1
terraform-provider-ome/ome/resource_configuration_baseline.go:858.2,858.44 1 1
terraform-provider-ome/ome/resource_configuration_baseline.go:849.16,851.3 1 0
terraform-provider-ome/ome/resource_configuration_baseline.go:855.16,857.3 1 0
terraform-provider-ome/ome/resource_configuration_baseline.go:861.65,862.32 1 1
terraform-provider-ome/ome/resource_configuration_baseline.go:871.2,871.12 1 1
terraform-provider-ome/ome/resource_configuration_baseline.go:862.32,863.59 1 1
terraform-provider-ome/ome/resource_configuration_baseline.go:863.59,865.4 1 0
terraform-provider-ome/ome/resource_configuration_baseline.go:866.8,867.64 1 1
terraform-provider-ome/ome/resource_configuration_baseline.go:867.64,869.4 1 0
terraform-provider-ome/ome/resource_configuration_compliance.go:38.61,40.2 1 1
terraform-provider-ome/ome/resource_configuration_compliance.go:47.139,48.29 1 1
terraform-provider-ome/ome/resource_configuration_compliance.go:51.2,51.39 1 1
terraform-provider-ome/ome/resource_configuration_compliance.go:48.29,50.3 1 1
terraform-provider-ome/ome/resource_configuration_compliance.go:55.134,57.2 1 1
terraform-provider-ome/ome/resource_configuration_compliance.go:59.125,136.2 1 1
terraform-provider-ome/ome/resource_configuration_compliance.go:139.129,145.33 5 1
terraform-provider-ome/ome/resource_configuration_compliance.go:149.2,149.64 1 1
terraform-provider-ome/ome/resource_configuration_compliance.go:157.2,161.16 3 1
terraform-provider-ome/ome/resource_configuration_compliance.go:169.2,171.16 3 1
terraform-provider-ome/ome/resource_configuration_compliance.go:178.2,181.16 3 1
terraform-provider-ome/ome/resource_configuration_compliance.go:189.2,191.40 3 1
terraform-provider-ome/ome/resource_configuration_compliance.go:195.2,196.16 2 1
terraform-provider-ome/ome/resource_configuration_compliance.go:203.2,212.16 5 1
terraform-provider-ome/ome/resource_configuration_compliance.go:220.2,223.46 2 1
terraform-provider-ome/ome/resource_configuration_compliance.go:237.2,246.33 8 1
terraform-provider-ome/ome/resource_configuration_compliance.go:249.2,249.79 1 1
terraform-provider-ome/ome/resource_configuration_compliance.go:145.33,148.3 2 0
terraform-provider-ome/ome/resource_configuration_compliance.go:149.64,155.3 2 0
terraform-provider-ome/ome/resource_configuration_compliance.go:161.16,167.3 2 0
terraform-provider-ome/ome/resource_configuration_compliance.go:171.16,177.3 2 0
terraform-provider-ome/ome/resource_configuration_compliance.go:181.16,187.3 2 1
terraform-provider-ome/ome/resource_configuration_compliance.go:191.40,193.3 1 1
terraform-provider-ome/ome/resource_configuration_compliance.go:196.16,202.3 2 1
terraform-provider-ome/ome/resource_configuration_compliance.go:212.16,218.3 2 0
terraform-provider-ome/ome/resource_configuration_compliance.go:223.46,226.17 3 1
terraform-provider-ome/ome/resource_configuration_compliance.go:226.17,234.4 2 0
terraform-provider-ome/ome/resource_configuration_compliance.go:246.33,248.3 1 0
terraform-provider-ome/ome/resource_configuration_compliance.go:253.123,259.33 5 1
terraform-provider-ome/ome/resource_configuration_compliance.go:264.2,265.16 2 1
terraform-provider-ome/ome/resource_configuration_compliance.go:273.2,274.16 2 1
terraform-provider-ome/ome/resource_configuration_compliance.go:281.2,286.16 4 1
terraform-provider-ome/ome/resource_configuration_compliance.go:294.2,296.41 2 1
terraform-provider-ome/ome/resource_configuration_compliance.go:318.2,320.33 3 1
terraform-provider-ome/ome/resource_configuration_compliance.go:323.2,323.70 1 1
terraform-provider-ome/ome/resource_configuration_compliance.go:259.33,261.3 1 0
terraform-provider-ome/ome/resource_configuration_compliance.go:265.16,271.3 2 0
terraform-provider-ome/ome/resource_configuration_compliance.go:274.16,280.3 2 0
terraform-provider-ome/ome/resource_configuration_compliance.go:286.16,292.3 2 0
terraform-provider-ome/ome/resource_configuration_compliance.go:296.41,298.17 2 1
terraform-provider-ome/ome/resource_configuration_compliance.go:307.3,308.41 2 1
terraform-provider-ome/ome/resource_configuration_compliance.go:311.3,314.4 1 1
terraform-provider-ome/ome/resource_configuration_compliance.go:298.17,299.18 1 0
terraform-provider-ome/ome/resource_configuration_compliance.go:299.18,305.5 2 0
terraform-provider-ome/ome/resource_configuration_compliance.go:308.41,310.4 1 1
terraform-provider-ome/ome/resource_configuration_compliance.go:320.33,322.3 1 0
terraform-provider-ome/ome/resource_configuration_compliance.go:327.129,333.33 5 1
terraform-provider-ome/ome/resource_configuration_compliance.go:338.2,341.33 4 1
terraform-provider-ome/ome/resource_configuration_compliance.go:345.2,345.64 1 1
terraform-provider-ome/ome/resource_configuration_compliance.go:354.2,355.16 2 1
terraform-provider-ome/ome/resource_configuration_compliance.go:363.2,364.16 2 1
terraform-provider-ome/ome/resource_configuration_compliance.go:371.2,374.220 3 1
terraform-provider-ome/ome/resource_configuration_compliance.go:382.2,384.16 3 1
terraform-provider-ome/ome/resource_configuration_compliance.go:392.2,395.40 3 1
terraform-provider-ome/ome/resource_configuration_compliance.go:399.2,400.16 2 1
terraform-provider-ome/ome/resource_configuration_compliance.go:408.2,415.16 5 1
terraform-provider-ome/ome/resource_configuration_compliance.go:422.2,425.46 2 1
terraform-provider-ome/ome/resource_configuration_compliance.go:438.2,447.33 8 1
terraform-provider-ome/ome/resource_configuration_compliance.go:450.2,450.72 1 1
terraform-provider-ome/ome/resource_configuration_compliance.go:333.33,335.3 1 0
terraform-provider-ome/ome/resource_configuration_compliance.go:341.33,343.3 1 0
terraform-provider-ome/ome/resource_configuration_compliance.go:345.64,351.3 2 0
terraform-provider-ome/ome/resource_configuration_compliance.go:355.16,361.3 2 0
terraform-provider-ome/ome/resource_configuration_compliance.go:364.16,370.3 2 0
terraform-provider-ome/ome/resource_configuration_compliance.go:374.220,380.3 2 0
terraform-provider-ome/ome/resource_configuration_compliance.go:384.16,390.3 2 0
terraform-provider-ome/ome/resource_configuration_compliance.go:395.40,397.3 1 1
terraform-provider-ome/ome/resource_configuration_compliance.go:400.16,406.3 2 0
terraform-provider-ome/ome/resource_configuration_compliance.go:415.16,420.3 1 0
terraform-provider-ome/ome/resource_configuration_compliance.go:425.46,427.17 2 1
terraform-provider-ome/ome/resource_configuration_compliance.go:427.17,435.4 2 0
terraform-provider-ome/ome/resource_configuration_compliance.go:447.33,449.3 1 0
terraform-provider-ome/ome/resource_configuration_compliance.go:454.129,456.2 1 1
terraform-provider-ome/ome/resource_configuration_compliance.go:459.144,465.16 4 0
terraform-provider-ome/ome/resource_configuration_compliance.go:473.2,474.16 2 0
terraform-provider-ome/ome/resource_configuration_compliance.go:482.2,486.33 4 0
terraform-provider-ome/ome/resource_configuration_compliance.go:465.16,471.3 2 0
terraform-provider-ome/ome/resource_configuration_compliance.go:474.16,480.3 2 0
terraform-provider-ome/ome/resource_configuration_compliance.go:486.33,488.3 1 0
terraform-provider-ome/ome/resource_configuration_compliance.go:494.121,500.46 4 1
terraform-provider-ome/ome/resource_configuration_compliance.go:504.2,504.35 1 1
terraform-provider-ome/ome/resource_configuration_compliance.go:513.2,515.45 3 1
terraform-provider-ome/ome/resource_configuration_compliance.go:518.2,518.29 1 1
terraform-provider-ome/ome/resource_configuration_compliance.go:522.2,522.29 1 1
terraform-provider-ome/ome/resource_configuration_compliance.go:500.46,502.3 1 1
terraform-provider-ome/ome/resource_configuration_compliance.go:504.35,506.17 2 1
terraform-provider-ome/ome/resource_configuration_compliance.go:509.3,510.62 2 1
terraform-provider-ome/ome/resource_configuration_compliance.go:506.17,508.4 1 0
terraform-provider-ome/ome/resource_configuration_compliance.go:515.45,517.3 1 1
terraform-provider-ome/ome/resource_configuration_compliance.go:518.29,520.3 1 1
terraform-provider-ome/ome/resource_configuration_compliance.go:525.143,528.43 3 1
terraform-provider-ome/ome/resource_configuration_compliance.go:531.2,531.43 1 1
terraform-provider-ome/ome/resource_configuration_compliance.go:534.2,534.21 1 1
terraform-provider-ome/ome/resource_configuration_compliance.go:539.2,539.16 1 1
terraform-provider-ome/ome/resource_configuration_compliance.go:543.2,543.23 1 1
terraform-provider-ome/ome/resource_configuration_compliance.go:548.2,548.22 1 1
terraform-provider-ome/ome/resource_configuration_compliance.go:528.43,530.3 1 1
terraform-provider-ome/ome/resource_configuration_compliance.go:531.43,533.3 1 1
terraform-provider-ome/ome/resource_configuration_compliance.go:534.21,536.3 1 1
terraform-provider-ome/ome/resource_configuration_compliance.go:536.8,538.3 1 1
terraform-provider-ome/ome/resource_configuration_compliance.go:539.16,541.3 1 1
terraform-provider-ome/ome/resource_configuration_compliance.go:543.23,544.91 1 1
terraform-provider-ome/ome/resource_configuration_compliance.go:544.91,546.4 1 0
terraform-provider-ome/ome/resource_configuration_compliance.go:551.76,557.16 6 1
terraform-provider-ome/ome/resource_configuration_compliance.go:560.2,561.99 2 1
terraform-provider-ome/ome/resource_configuration_compliance.go:570.2,570.90 1 1
terraform-provider-ome/ome/resource_configuration_compliance.go:573.2,573.12 1 1
terraform-provider-ome/ome/resource_configuration_compliance.go:557.16,559.3 1 0
terraform-provider-ome/ome/resource_configuration_compliance.go:561.99,565.17 4 1
terraform-provider-ome/ome/resource_configuration_compliance.go:568.3,568.71 1 1
terraform-provider-ome/ome/resource_configuration_compliance.go:565.17,567.4 1 0
terraform-provider-ome/ome/resource_configuration_compliance.go:570.90,572.3 1 0
terraform-provider-ome/ome/resource_configuration_compliance.go:576.138,585.14 2 1
terraform-provider-ome/ome/resource_configuration_compliance.go:592.2,592.12 1 1
terraform-provider-ome/ome/resource_configuration_compliance.go:585.14,591.3 5 0
terraform-provider-ome/ome/resource_template.go:53.46,55.2 1 1
terraform-provider-ome/ome/resource_template.go:62.124,64.29 1 1
terraform-provider-ome/ome/resource_template.go:67.2,67.39 1 1
terraform-provider-ome/ome/resource_template.go:64.29,66.3 1 1
terraform-provider-ome/ome/resource_template.go:71.119,73.2 1 1
terraform-provider-ome/ome/resource_template.go:76.111,242.2 1 1
terraform-provider-ome/ome/resource_template.go:245.115,251.33 5 1
terraform-provider-ome/ome/resource_template.go:255.2,264.16 4 1
terraform-provider-ome/ome/resource_template.go:270.2,271.16 2 1
terraform-provider-ome/ome/resource_template.go:279.2,280.16 2 1
terraform-provider-ome/ome/resource_template.go:287.2,290.16 3 1
terraform-provider-ome/ome/resource_template.go:297.2,298.16 2 1
terraform-provider-ome/ome/resource_template.go:305.2,308.46 3 1
terraform-provider-ome/ome/resource_template.go:440.2,443.16 3 1
terraform-provider-ome/ome/resource_template.go:451.2,453.16 3 1
terraform-provider-ome/ome/resource_template.go:463.2,464.43 2 1
terraform-provider-ome/ome/resource_template.go:468.2,468.39 1 1
terraform-provider-ome/ome/resource_template.go:472.2,472.35 1 1
terraform-provider-ome/ome/resource_template.go:476.2,476.46 1 1
terraform-provider-ome/ome/resource_template.go:480.2,480.31 1 1
terraform-provider-ome/ome/resource_template.go:483.2,483.32 1 1
terraform-provider-ome/ome/resource_template.go:486.2,486.34 1 1
terraform-provider-ome/ome/resource_template.go:489.2,489.29 1 1
terraform-provider-ome/ome/resource_template.go:492.2,492.37 1 1
terraform-provider-ome/ome/resource_template.go:495.2,495.37 1 1
terraform-provider-ome/ome/resource_template.go:498.2,498.40 1 1
terraform-provider-ome/ome/resource_template.go:502.2,511.33 6 1
terraform-provider-ome/ome/resource_template.go:514.2,514.56 1 1
terraform-provider-ome/ome/resource_template.go:251.33,253.3 1 0
terraform-provider-ome/ome/resource_template.go:264.16,269.3 2 1
terraform-provider-ome/ome/resource_template.go:271.16,277.3 2 0
terraform-provider-ome/ome/resource_template.go:280.16,286.3 2 0
terraform-provider-ome/ome/resource_template.go:290.16,295.3 2 0
terraform-provider-ome/ome/resource_template.go:298.16,303.3 2 0
terraform-provider-ome/ome/resource_template.go:308.46,311.36 2 1
terraform-provider-ome/ome/resource_template.go:319.3,320.46 2 1
terraform-provider-ome/ome/resource_template.go:327.3,327.94 1 1
terraform-provider-ome/ome/resource_template.go:334.3,340.17 3 1
terraform-provider-ome/ome/resource_template.go:347.3,348.17 2 1
terraform-provider-ome/ome/resource_template.go:311.36,316.4 2 1
terraform-provider-ome/ome/resource_template.go:320.46,325.4 2 1
terraform-provider-ome/ome/resource_template.go:327.94,332.4 2 0
terraform-provider-ome/ome/resource_template.go:340.17,345.4 2 0
terraform-provider-ome/ome/resource_template.go:348.17,353.4 2 0
terraform-provider-ome/ome/resource_template.go:354.8,354.45 1 1
terraform-provider-ome/ome/resource_template.go:354.45,357.36 2 1
terraform-provider-ome/ome/resource_template.go:364.3,372.17 3 1
terraform-provider-ome/ome/resource_template.go:379.3,380.17 2 1
terraform-provider-ome/ome/resource_template.go:357.36,362.4 2 0
terraform-provider-ome/ome/resource_template.go:372.17,377.4 2 0
terraform-provider-ome/ome/resource_template.go:380.17,385.4 2 0
terraform-provider-ome/ome/resource_template.go:387.8,390.17 3 1
terraform-provider-ome/ome/resource_template.go:397.3,406.17 3 1
terraform-provider-ome/ome/resource_template.go:413.3,416.17 4 1
terraform-provider-ome/ome/resource_template.go:423.3,424.17 2 1
terraform-provider-ome/ome/resource_template.go:390.17,395.4 2 1
terraform-provider-ome/ome/resource_template.go:406.17,411.4 2 0
terraform-provider-ome/ome/resource_template.go:416.17,421.4 2 0
terraform-provider-ome/ome/resource_template.go:424.17,429.18 3 0
terraform-provider-ome/ome/resource_template.go:436.4,436.10 1 0
terraform-provider-ome/ome/resource_template.go:429.18,435.5 2 0
terraform-provider-ome/ome/resource_template.go:443.16,449.3 2 0
terraform-provider-ome/ome/resource_template.go:453.16,454.17 1 0
terraform-provider-ome/ome/resource_template.go:454.17,460.4 2 0
terraform-provider-ome/ome/resource_template.go:464.43,466.3 1 1
terraform-provider-ome/ome/resource_template.go:468.39,470.3 1 1
terraform-provider-ome/ome/resource_template.go:472.35,474.3 1 1
terraform-provider-ome/ome/resource_template.go:476.46,478.3 1 1
terraform-provider-ome/ome/resource_template.go:480.31,482.3 1 1
terraform-provider-ome/ome/resource_template.go:483.32,485.3 1 1
terraform-provider-ome/ome/resource_template.go:486.34,488.3 1 1
terraform-provider-ome/ome/resource_template.go:489.29,491.3 1 1
terraform-provider-ome/ome/resource_template.go:492.37,494.3 1 1
terraform-provider-ome/ome/resource_template.go:495.37,497.3 1 1
terraform-provider-ome/ome/resource_template.go:498.40,500.3 1 0
terraform-provider-ome/ome/resource_template.go:511.33,513.3 1 0
terraform-provider-ome/ome/resource_template.go:519.109,524.33 5 1
terraform-provider-ome/ome/resource_template.go:527.2,529.16 3 1
terraform-provider-ome/ome/resource_template.go:537.2,538.16 2 1
terraform-provider-ome/ome/resource_template.go:545.2,551.56 5 1
terraform-provider-ome/ome/resource_template.go:557.2,562.16 3 1
terraform-provider-ome/ome/resource_template.go:569.2,572.16 3 1
terraform-provider-ome/ome/resource_template.go:580.2,582.22 3 1
terraform-provider-ome/ome/resource_template.go:589.2,592.16 3 1
terraform-provider-ome/ome/resource_template.go:600.2,602.41 2 1
terraform-provider-ome/ome/resource_template.go:614.2,625.33 8 1
terraform-provider-ome/ome/resource_template.go:628.2,628.54 1 1
terraform-provider-ome/ome/resource_template.go:524.33,526.3 1 0
terraform-provider-ome/ome/resource_template.go:529.16,535.3 2 0
terraform-provider-ome/ome/resource_template.go:538.16,544.3 2 0
terraform-provider-ome/ome/resource_template.go:551.56,555.3 3 1
terraform-provider-ome/ome/resource_template.go:562.16,567.3 2 0
terraform-provider-ome/ome/resource_template.go:572.16,578.3 2 0
terraform-provider-ome/ome/resource_template.go:582.22,588.3 2 0
terraform-provider-ome/ome/resource_template.go:592.16,598.3 2 0
terraform-provider-ome/ome/resource_template.go:602.41,604.17 2 1
terraform-provider-ome/ome/resource_template.go:611.3,611.67 1 1
terraform-provider-ome/ome/resource_template.go:604.17,610.4 2 0
terraform-provider-ome/ome/resource_template.go:625.33,627.3 1 0
terraform-provider-ome/ome/resource_template.go:632.114,637.33 5 1
terraform-provider-ome/ome/resource_template.go:641.2,644.33 4 1
terraform-provider-ome/ome/resource_template.go:647.2,649.56 2 1
terraform-provider-ome/ome/resource_template.go:657.2,658.16 2 1
terraform-provider-ome/ome/resource_template.go:666.2,667.16 2 1
terraform-provider-ome/ome/resource_template.go:674.2,680.55 4 1
terraform-provider-ome/ome/resource_template.go:690.2,692.36 2 1
terraform-provider-ome/ome/resource_template.go:704.2,710.59 2 1
terraform-provider-ome/ome/resource_template.go:714.2,721.18 4 1
terraform-provider-ome/ome/resource_template.go:726.2,728.16 3 1
terraform-provider-ome/ome/resource_template.go:737.2,741.25 4 1
terraform-provider-ome/ome/resource_template.go:816.2,819.16 3 1
terraform-provider-ome/ome/resource_template.go:826.2,829.16 3 1
terraform-provider-ome/ome/resource_template.go:837.2,840.16 3 1
terraform-provider-ome/ome/resource_template.go:850.2,852.48 2 1
terraform-provider-ome/ome/resource_template.go:856.2,856.45 1 1
terraform-provider-ome/ome/resource_template.go:860.2,860.40 1 1
terraform-provider-ome/ome/resource_template.go:864.2,864.37 1 1
terraform-provider-ome/ome/resource_template.go:868.2,868.45 1 1
terraform-provider-ome/ome/resource_template.go:872.2,887.33 10 1
terraform-provider-ome/ome/resource_template.go:890.2,890.56 1 1
terraform-provider-ome/ome/resource_template.go:637.33,639.3 1 0
terraform-provider-ome/ome/resource_template.go:644.33,646.3 1 0
terraform-provider-ome/ome/resource_template.go:649.56,655.3 2 0
terraform-provider-ome/ome/resource_template.go:658.16,664.3 2 0
terraform-provider-ome/ome/resource_template.go:667.16,673.3 2 0
terraform-provider-ome/ome/resource_template.go:680.55,682.17 2 1
terraform-provider-ome/ome/resource_template.go:682.17,688.4 2 0
terraform-provider-ome/ome/resource_template.go:692.36,694.17 2 1
terraform-provider-ome/ome/resource_template.go:694.17,700.4 2 1
terraform-provider-ome/ome/resource_template.go:710.59,712.3 1 1
terraform-provider-ome/ome/resource_template.go:721.18,724.3 2 1
terraform-provider-ome/ome/resource_template.go:728.16,734.3 2 1
terraform-provider-ome/ome/resource_template.go:741.25,746.25 3 1
terraform-provider-ome/ome/resource_template.go:762.3,762.56 1 1
terraform-provider-ome/ome/resource_template.go:775.3,775.17 1 1
terraform-provider-ome/ome/resource_template.go:805.3,807.17 3 1
terraform-provider-ome/ome/resource_template.go:746.25,754.57 2 1
terraform-provider-ome/ome/resource_template.go:754.57,756.5 1 1
terraform-provider-ome/ome/resource_template.go:756.10,758.5 1 0
terraform-provider-ome/ome/resource_template.go:759.9,761.4 1 0
terraform-provider-ome/ome/resource_template.go:762.56,764.18 2 1
terraform-provider-ome/ome/resource_template.go:764.18,769.5 1 0
terraform-provider-ome/ome/resource_template.go:769.10,771.5 1 1
terraform-provider-ome/ome/resource_template.go:772.9,774.4 1 0
terraform-provider-ome/ome/resource_template.go:775.17,778.18 3 1
terraform-provider-ome/ome/resource_template.go:778.18,783.5 1 0
terraform-provider-ome/ome/resource_template.go:783.10,794.63 8 1
terraform-provider-ome/ome/resource_template.go:801.5,801.52 1 1
terraform-provider-ome/ome/resource_template.go:794.63,800.6 5 1
terraform-provider-ome/ome/resource_template.go:807.17,812.4 1 0
terraform-provider-ome/ome/resource_template.go:819.16,824.3 2 0
terraform-provider-ome/ome/resource_template.go:829.16,835.3 2 0
terraform-provider-ome/ome/resource_template.go:840.16,841.17 1 0
terraform-provider-ome/ome/resource_template.go:841.17,847.4 2 0
terraform-provider-ome/ome/resource_template.go:852.48,854.3 1 1
terraform-provider-ome/ome/resource_template.go:856.45,858.3 1 1
terraform-provider-ome/ome/resource_template.go:860.40,862.3 1 1
terraform-provider-ome/ome/resource_template.go:864.37,866.3 1 1
terraform-provider-ome/ome/resource_template.go:868.45,870.3 1 1
terraform-provider-ome/ome/resource_template.go:887.33,889.3 1 0
terraform-provider-ome/ome/resource_template.go:894.114,899.33 5 1
terraform-provider-ome/ome/resource_template.go:902.2,903.16 2 1
terraform-provider-ome/ome/resource_template.go:911.2,912.16 2 1
terraform-provider-ome/ome/resource_template.go:919.2,926.16 5 1
terraform-provider-ome/ome/resource_template.go:933.2,933.56 1 1
terraform-provider-ome/ome/resource_template.go:899.33,901.3 1 0
terraform-provider-ome/ome/resource_template.go:903.16,909.3 2 0
terraform-provider-ome/ome/resource_template.go:912.16,918.3 2 0
terraform-provider-ome/ome/resource_template.go:926.16,932.3 2 0
terraform-provider-ome/ome/resource_template.go:937.129,942.16 5 1
terraform-provider-ome/ome/resource_template.go:950.2,951.16 2 1
terraform-provider-ome/ome/resource_template.go:958.2,961.16 3 1
terraform-provider-ome/ome/resource_template.go:968.2,968.29 1 1
terraform-provider-ome/ome/resource_template.go:975.2,976.16 2 1
terraform-provider-ome/ome/resource_template.go:984.2,985.16 2 1
terraform-provider-ome/ome/resource_template.go:994.2,1000.56 5 1
terraform-provider-ome/ome/resource_template.go:1004.2,1005.51 2 1
terraform-provider-ome/ome/resource_template.go:1009.2,1020.33 12 1
terraform-provider-ome/ome/resource_template.go:1023.2,1023.56 1 1
terraform-provider-ome/ome/resource_template.go:942.16,948.3 2 0
terraform-provider-ome/ome/resource_template.go:951.16,957.3 2 0
terraform-provider-ome/ome/resource_template.go:961.16,966.3 2 0
terraform-provider-ome/ome/resource_template.go:968.29,973.3 2 1
terraform-provider-ome/ome/resource_template.go:976.16,982.3 2 0
terraform-provider-ome/ome/resource_template.go:985.16,986.17 1 0
terraform-provider-ome/ome/resource_template.go:986.17,992.4 2 0
terraform-provider-ome/ome/resource_template.go:1000.56,1002.3 1 0
terraform-provider-ome/ome/resource_template.go:1005.51,1007.3 1 0
terraform-provider-ome/ome/resource_template.go:1020.33,1022.3 1 0
terraform-provider-ome/ome/resource_template.go:1026.49,1028.168 1 1
terraform-provider-ome/ome/resource_template.go:1033.2,1036.170 1 1
terraform-provider-ome/ome/resource_template.go:1041.2,1041.66 1 1
terraform-provider-ome/ome/resource_template.go:1046.2,1046.34 1 1
terraform-provider-ome/ome/resource_template.go:1049.2,1049.12 1 1
terraform-provider-ome/ome/resource_template.go:1028.168,1030.3 1 1
terraform-provider-ome/ome/resource_template.go:1036.170,1038.3 1 1
terraform-provider-ome/ome/resource_template.go:1041.66,1043.3 1 1
terraform-provider-ome/ome/resource_template.go:1046.34,1048.3 1 0
terraform-provider-ome/ome/resource_template.go:1052.106,1054.16 2 1
terraform-provider-ome/ome/resource_template.go:1058.2,1059.16 2 1
terraform-provider-ome/ome/resource_template.go:1063.2,1064.16 2 1
terraform-provider-ome/ome/resource_template.go:1068.2,1068.12 1 1
terraform-provider-ome/ome/resource_template.go:1054.16,1056.3 1 0
terraform-provider-ome/ome/resource_template.go:1059.16,1061.3 1 0
terraform-provider-ome/ome/resource_template.go:1064.16,1066.3 1 1
terraform-provider-ome/ome/resource_template.go:1071.94,1073.16 2 1
terraform-provider-ome/ome/resource_template.go:1076.2,1076.26 1 1
terraform-provider-ome/ome/resource_template.go:1073.16,1075.3 1 0
terraform-provider-ome/ome/resource_template.go:1079.78,1086.2 1 1
terraform-provider-ome/ome/resource_template.go:1088.98,1089.44 1 1
terraform-provider-ome/ome/resource_template.go:1092.2,1092.74 1 1
terraform-provider-ome/ome/resource_template.go:1095.2,1097.56 3 1
terraform-provider-ome/ome/resource_template.go:1101.2,1102.34 2 1
terraform-provider-ome/ome/resource_template.go:1106.2,1109.58 3 1
terraform-provider-ome/ome/resource_template.go:1137.2,1138.42 2 1
terraform-provider-ome/ome/resource_template.go:1142.2,1142.32 1 1
terraform-provider-ome/ome/resource_template.go:1146.2,1146.33 1 1
terraform-provider-ome/ome/resource_template.go:1149.2,1149.12 1 1
terraform-provider-ome/ome/resource_template.go:1089.44,1091.3 1 0
terraform-provider-ome/ome/resource_template.go:1092.74,1094.3 1 1
terraform-provider-ome/ome/resource_template.go:1097.56,1100.3 2 1
terraform-provider-ome/ome/resource_template.go:1102.34,1104.3 1 1
terraform-provider-ome/ome/resource_template.go:1109.58,1111.47 2 1
terraform-provider-ome/ome/resource_template.go:1114.3,1116.56 3 1
terraform-provider-ome/ome/resource_template.go:1119.3,1122.43 3 1
terraform-provider-ome/ome/resource_template.go:1131.3,1131.30 1 1
terraform-provider-ome/ome/resource_template.go:1111.47,1113.4 1 0
terraform-provider-ome/ome/resource_template.go:1116.56,1118.4 1 0
terraform-provider-ome/ome/resource_template.go:1122.43,1123.42 1 1
terraform-provider-ome/ome/resource_template.go:1126.4,1127.52 2 1
terraform-provider-ome/ome/resource_template.go:1123.42,1125.5 1 0
terraform-provider-ome/ome/resource_template.go:1127.52,1129.5 1 0
terraform-provider-ome/ome/resource_template.go:1131.30,1134.4 2 0
terraform-provider-ome/ome/resource_template.go:1138.42,1140.3 1 0
terraform-provider-ome/ome/resource_template.go:1142.32,1144.3 1 0
terraform-provider-ome/ome/resource_template.go:1146.33,1148.3 1 0
terraform-provider-ome/ome/resource_template.go:1152.39,1155.33 3 0
terraform-provider-ome/ome/resource_template.go:1161.2,1161.13 1 0
terraform-provider-ome/ome/resource_template.go:1155.33,1156.38 1 0
terraform-provider-ome/ome/resource_template.go:1156.38,1159.4 2 0
terraform-provider-ome/ome/resource_template.go:1164.46,1167.29 3 1
terraform-provider-ome/ome/resource_template.go:1173.2,1173.20 1 1
terraform-provider-ome/ome/resource_template.go:1167.29,1168.43 1 1
terraform-provider-ome/ome/resource_template.go:1168.43,1171.4 2 1
terraform-provider-ome/ome/resource_template.go:1176.72,1177.41 1 1
terraform-provider-ome/ome/resource_template.go:1180.2,1180.13 1 1
terraform-provider-ome/ome/resource_template.go:1177.41,1179.3 1 0
terraform-provider-ome/ome/resource_template.go:1183.118,1193.37 9 1
terraform-provider-ome/ome/resource_template.go:1205.2,1206.16 2 1
terraform-provider-ome/ome/resource_template.go:1193.37,1204.3 4 1
terraform-provider-ome/ome/resource_template.go:1209.101,1214.56 4 1
terraform-provider-ome/ome/resource_template.go:1219.2,1219.24 1 1
terraform-provider-ome/ome/resource_template.go:1214.56,1218.3 3 1
terraform-provider-ome/ome/resource_template.go:1222.91,1227.58 5 1
terraform-provider-ome/ome/resource_template.go:1236.2,1237.18 2 1
terraform-provider-ome/ome/resource_template.go:1227.58,1228.71 1 1
terraform-provider-ome/ome/resource_template.go:1228.71,1229.60 1 1
terraform-provider-ome/ome/resource_template.go:1232.4,1232.63 1 1
terraform-provider-ome/ome/resource_template.go:1229.60,1231.5 1 1
terraform-provider-ome/ome/resource_template.go:1240.146,1247.66 5 1
terraform-provider-ome/ome/resource_template.go:1252.2,1252.63 1 1
terraform-provider-ome/ome/resource_template.go:1265.2,1265.31 1 1
terraform-provider-ome/ome/resource_template.go:1247.66,1251.3 3 1
terraform-provider-ome/ome/resource_template.go:1252.63,1253.54 1 1
terraform-provider-ome/ome/resource_template.go:1253.54,1254.55 1 1
terraform-provider-ome/ome/resource_template.go:1254.55,1261.5 2 1
terraform-provider-ome/ome/resource_template.go:1268.200,1278.50 7 1
terraform-provider-ome/ome/resource_template.go:1293.2,1306.53 4 1
terraform-provider-ome/ome/resource_template.go:1311.2,1313.50 2 1
terraform-provider-ome/ome/resource_template.go:1323.2,1323.26 1 1
terraform-provider-ome/ome/resource_template.go:1330.2,1368.32 3 1
terraform-provider-ome/ome/resource_template.go:1278.50,1292.3 7 1
terraform-provider-ome/ome/resource_template.go:1306.53,1309.3 2 1
terraform-provider-ome/ome/resource_template.go:1313.50,1315.45 2 1
terraform-provider-ome/ome/resource_template.go:1315.45,1320.4 3 1
terraform-provider-ome/ome/resource_template.go:1323.26,1324.42 1 1
terraform-provider-ome/ome/resource_template.go:1324.42,1327.4 2 1
terraform-provider-ome/ome/resource_template.go:1371.74,1375.40 4 1
terraform-provider-ome/ome/resource_template.go:1379.2,1396.23 6 1
terraform-provider-ome/ome/resource_template.go:1375.40,1377.3 1 1
terraform-provider-ome/ome/template_validators.go:20.70,22.2 1 1
terraform-provider-ome/ome/template_validators.go:25.78,27.2 1 0
terraform-provider-ome/ome/template_validators.go:30.127,32.41 2 1
terraform-provider-ome/ome/template_validators.go:35.2,40.46 5 1
terraform-provider-ome/ome/template_validators.go:32.41,34.3 1 1
terraform-provider-ome/ome/template_validators.go:40.46,43.49 3 1
terraform-provider-ome/ome/template_validators.go:49.3,49.15 1 1
terraform-provider-ome/ome/template_validators.go:43.49,44.52 1 1
terraform-provider-ome/ome/template_validators.go:44.52,46.10 2 1
terraform-provider-ome/ome/template_validators.go:49.15,55.9 2 1
terraform-provider-ome/ome/template_validators.go:65.81,67.2 1 1
terraform-provider-ome/ome/template_validators.go:70.89,72.2 1 0
terraform-provider-ome/ome/template_validators.go:75.138,77.63 2 1
terraform-provider-ome/ome/template_validators.go:81.2,82.63 2 1
terraform-provider-ome/ome/template_validators.go:87.2,91.3 1 1
terraform-provider-ome/ome/template_validators.go:77.63,79.3 1 1
terraform-provider-ome/ome/template_validators.go:82.63,83.98 1 1
terraform-provider-ome/ome/template_validators.go:83.98,85.4 1 1
terraform-provider-ome/ome/template_validators.go:98.83,100.2 1 1
terraform-provider-ome/ome/template_validators.go:103.91,105.2 1 0
terraform-provider-ome/ome/template_validators.go:108.140,110.67 2 1
terraform-provider-ome/ome/template_validators.go:114.2,115.67 2 0
terraform-provider-ome/ome/template_validators.go:120.2,124.3 1 0
terraform-provider-ome/ome/template_validators.go:110.67,112.3 1 1
terraform-provider-ome/ome/template_validators.go:115.67,116.102 1 0
terraform-provider-ome/ome/template_validators.go:116.102,118.4 1 0
terraform-provider-ome/ome/datasource_baseline_compliance_report.go:19.63,21.2 1 1
terraform-provider-ome/ome/datasource_baseline_compliance_report.go:28.141,29.29 1 1
terraform-provider-ome/ome/datasource_baseline_compliance_report.go:32.2,32.39 1 1
terraform-provider-ome/ome/datasource_baseline_compliance_report.go:29.29,31.3 1 1
terraform-provider-ome/ome/datasource_baseline_compliance_report.go:36.136,38.2 1 1
terraform-provider-ome/ome/datasource_baseline_compliance_report.go:40.130,113.2 1 1
terraform-provider-ome/ome/datasource_baseline_compliance_report.go:116.126,120.33 4 1
terraform-provider-ome/ome/datasource_baseline_compliance_report.go:124.2,125.16 2 1
terraform-provider-ome/ome/datasource_baseline_compliance_report.go:133.2,134.16 2 1
terraform-provider-ome/ome/datasource_baseline_compliance_report.go:141.2,146.16 4 1
terraform-provider-ome/ome/datasource_baseline_compliance_report.go:152.2,152.74 1 1
terraform-provider-ome/ome/datasource_baseline_compliance_report.go:193.2,195.33 3 1
terraform-provider-ome/ome/datasource_baseline_compliance_report.go:120.33,122.3 1 0
terraform-provider-ome/ome/datasource_baseline_compliance_report.go:125.16,131.3 2 0
terraform-provider-ome/ome/datasource_baseline_compliance_report.go:134.16,140.3 2 0
terraform-provider-ome/ome/datasource_baseline_compliance_report.go:146.16,151.3 2 1
terraform-provider-ome/ome/datasource_baseline_compliance_report.go:152.74,157.17 3 1
terraform-provider-ome/ome/datasource_baseline_compliance_report.go:163.3,166.40 3 1
terraform-provider-ome/ome/datasource_baseline_compliance_report.go:157.17,162.4 2 0
terraform-provider-ome/ome/datasource_baseline_compliance_report.go:166.40,168.32 2 1
terraform-provider-ome/ome/datasource_baseline_compliance_report.go:171.4,180.42 2 1
terraform-provider-ome/ome/datasource_baseline_compliance_report.go:190.4,190.76 1 1
terraform-provider-ome/ome/datasource_baseline_compliance_report.go:168.32,170.5 1 0
terraform-provider-ome/ome/datasource_baseline_compliance_report.go:180.42,182.19 2 1
terraform-provider-ome/ome/datasource_baseline_compliance_report.go:188.5,188.62 1 1
terraform-provider-ome/ome/datasource_baseline_compliance_report.go:182.19,187.6 2 0
terraform-provider-ome/ome/datasource_baseline_compliance_report.go:195.33,197.3 1 0
terraform-provider-ome/ome/datasource_groupdevices.go:20.56,22.2 1 1
terraform-provider-ome/ome/datasource_groupdevices.go:29.134,30.29 1 1
terraform-provider-ome/ome/datasource_groupdevices.go:33.2,33.39 1 1
terraform-provider-ome/ome/datasource_groupdevices.go:30.29,32.3 1 1
terraform-provider-ome/ome/datasource_groupdevices.go:37.129,39.2 1 1
terraform-provider-ome/ome/datasource_groupdevices.go:42.123,75.2 1 1
terraform-provider-ome/ome/datasource_groupdevices.go:78.119,82.33 4 1
terraform-provider-ome/ome/datasource_groupdevices.go:85.2,87.22 3 1
terraform-provider-ome/ome/datasource_groupdevices.go:92.2,93.16 2 1
terraform-provider-ome/ome/datasource_groupdevices.go:101.2,102.16 2 1
terraform-provider-ome/ome/datasource_groupdevices.go:109.2,112.37 3 1
terraform-provider-ome/ome/datasource_groupdevices.go:124.2,128.33 4 1
terraform-provider-ome/ome/datasource_groupdevices.go:133.2,149.33 7 1
terraform-provider-ome/ome/datasource_groupdevices.go:82.33,84.3 1 0
terraform-provider-ome/ome/datasource_groupdevices.go:87.22,90.3 2 0
terraform-provider-ome/ome/datasource_groupdevices.go:93.16,99.3 2 0
terraform-provider-ome/ome/datasource_groupdevices.go:102.16,108.3 2 0
terraform-provider-ome/ome/datasource_groupdevices.go:112.37,117.3 1 0
terraform-provider-ome/ome/datasource_groupdevices.go:117.8,117.23 1 1
terraform-provider-ome/ome/datasource_groupdevices.go:117.23,123.3 2 0
terraform-provider-ome/ome/datasource_groupdevices.go:128.33,131.3 2 1
terraform-provider-ome/ome/datasource_groupdevices.go:149.33,151.3 1 0
terraform-provider-ome/ome/provider.go:26.30,28.2 1 1
terraform-provider-ome/ome/provider.go:54.112,56.2 1 1
terraform-provider-ome/ome/provider.go:59.119,67.31 5 1
terraform-provider-ome/ome/provider.go:76.2,76.39 1 1
terraform-provider-ome/ome/provider.go:84.2,84.31 1 1
terraform-provider-ome/ome/provider.go:93.2,93.39 1 1
terraform-provider-ome/ome/provider.go:101.2,101.27 1 1
terraform-provider-ome/ome/provider.go:110.2,110.35 1 1
terraform-provider-ome/ome/provider.go:119.2,120.33 2 1
terraform-provider-ome/ome/provider.go:124.2,125.36 2 1
terraform-provider-ome/ome/provider.go:129.2,129.30 1 1
terraform-provider-ome/ome/provider.go:138.2,158.55 9 1
terraform-provider-ome/ome/provider.go:67.31,74.3 2 0
terraform-provider-ome/ome/provider.go:76.39,82.3 2 0
terraform-provider-ome/ome/provider.go:84.31,91.3 2 0
terraform-provider-ome/ome/provider.go:93.39,99.3 2 0
terraform-provider-ome/ome/provider.go:101.27,108.3 2 0
terraform-provider-ome/ome/provider.go:110.35,116.3 2 0
terraform-provider-ome/ome/provider.go:120.33,122.3 1 0
terraform-provider-ome/ome/provider.go:125.36,127.3 1 0
terraform-provider-ome/ome/provider.go:129.30,136.3 2 0
terraform-provider-ome/ome/provider.go:161.81,168.2 1 1
terraform-provider-ome/ome/provider.go:170.87,177.2 1 1
terraform-provider-ome/ome/provider.go:179.108,216.2 1 1
terraform-provider-ome/ome/resource_deploy.go:31.48,33.2 1 1
terraform-provider-ome/ome/resource_deploy.go:40.126,41.29 1 1
terraform-provider-ome/ome/resource_deploy.go:44.2,44.39 1 1
terraform-provider-ome/ome/resource_deploy.go:41.29,43.3 1 1
terraform-provider-ome/ome/resource_deploy.go:48.120,50.2 1 1
terraform-provider-ome/ome/resource_deploy.go:53.112,198.2 1 1
terraform-provider-ome/ome/resource_deploy.go:201.116,207.33 5 1
terraform-provider-ome/ome/resource_deploy.go:210.2,214.16 3 1
terraform-provider-ome/ome/resource_deploy.go:222.2,223.16 2 1
terraform-provider-ome/ome/resource_deploy.go:230.2,235.16 4 1
terraform-provider-ome/ome/resource_deploy.go:243.2,252.22 5 1
terraform-provider-ome/ome/resource_deploy.go:257.2,258.22 2 1
terraform-provider-ome/ome/resource_deploy.go:263.2,264.16 2 1
terraform-provider-ome/ome/resource_deploy.go:271.2,272.16 2 1
terraform-provider-ome/ome/resource_deploy.go:279.2,290.37 4 1
terraform-provider-ome/ome/resource_deploy.go:303.2,303.31 1 1
terraform-provider-ome/ome/resource_deploy.go:308.2,308.47 1 1
terraform-provider-ome/ome/resource_deploy.go:312.2,315.16 3 1
terraform-provider-ome/ome/resource_deploy.go:322.2,326.32 2 1
terraform-provider-ome/ome/resource_deploy.go:336.2,344.33 6 1
terraform-provider-ome/ome/resource_deploy.go:347.2,347.52 1 1
terraform-provider-ome/ome/resource_deploy.go:207.33,209.3 1 0
terraform-provider-ome/ome/resource_deploy.go:214.16,220.3 2 0
terraform-provider-ome/ome/resource_deploy.go:223.16,229.3 2 0
terraform-provider-ome/ome/resource_deploy.go:235.16,241.3 2 1
terraform-provider-ome/ome/resource_deploy.go:252.22,255.3 2 0
terraform-provider-ome/ome/resource_deploy.go:258.22,261.3 2 0
terraform-provider-ome/ome/resource_deploy.go:264.16,269.3 2 1
terraform-provider-ome/ome/resource_deploy.go:272.16,277.3 2 0
terraform-provider-ome/ome/resource_deploy.go:290.37,292.17 2 1
terraform-provider-ome/ome/resource_deploy.go:299.3,299.64 1 1
terraform-provider-ome/ome/resource_deploy.go:292.17,298.4 2 0
terraform-provider-ome/ome/resource_deploy.go:303.31,305.3 1 1
terraform-provider-ome/ome/resource_deploy.go:308.47,310.3 1 1
terraform-provider-ome/ome/resource_deploy.go:315.16,320.3 2 0
terraform-provider-ome/ome/resource_deploy.go:326.32,329.17 3 1
terraform-provider-ome/ome/resource_deploy.go:329.17,333.4 1 1
terraform-provider-ome/ome/resource_deploy.go:344.33,346.3 1 0
terraform-provider-ome/ome/resource_deploy.go:351.110,357.33 5 1
terraform-provider-ome/ome/resource_deploy.go:361.2,372.22 7 1
terraform-provider-ome/ome/resource_deploy.go:377.2,378.22 2 1
terraform-provider-ome/ome/resource_deploy.go:383.2,384.26 2 1
terraform-provider-ome/ome/resource_deploy.go:391.2,392.16 2 1
terraform-provider-ome/ome/resource_deploy.go:400.2,401.16 2 1
terraform-provider-ome/ome/resource_deploy.go:408.2,417.33 7 1
terraform-provider-ome/ome/resource_deploy.go:420.2,420.52 1 1
terraform-provider-ome/ome/resource_deploy.go:357.33,359.3 1 0
terraform-provider-ome/ome/resource_deploy.go:372.22,375.3 2 0
terraform-provider-ome/ome/resource_deploy.go:378.22,381.3 2 0
terraform-provider-ome/ome/resource_deploy.go:384.26,386.3 1 1
terraform-provider-ome/ome/resource_deploy.go:386.8,386.28 1 0
terraform-provider-ome/ome/resource_deploy.go:386.28,388.3 1 0
terraform-provider-ome/ome/resource_deploy.go:392.16,398.3 2 0
terraform-provider-ome/ome/resource_deploy.go:401.16,407.3 2 0
terraform-provider-ome/ome/resource_deploy.go:417.33,419.3 1 0
terraform-provider-ome/ome/resource_deploy.go:424.116,430.33 5 1
terraform-provider-ome/ome/resource_deploy.go:435.2,438.33 4 1
terraform-provider-ome/ome/resource_deploy.go:443.2,444.16 2 1
terraform-provider-ome/ome/resource_deploy.go:452.2,453.16 2 1
terraform-provider-ome/ome/resource_deploy.go:460.2,462.220 2 1
terraform-provider-ome/ome/resource_deploy.go:469.2,478.22 5 1
terraform-provider-ome/ome/resource_deploy.go:483.2,484.22 2 1
terraform-provider-ome/ome/resource_deploy.go:489.2,490.16 2 1
terraform-provider-ome/ome/resource_deploy.go:497.2,498.16 2 1
terraform-provider-ome/ome/resource_deploy.go:505.2,512.22 5 1
terraform-provider-ome/ome/resource_deploy.go:517.2,518.22 2 1
terraform-provider-ome/ome/resource_deploy.go:523.2,524.16 2 1
terraform-provider-ome/ome/resource_deploy.go:531.2,533.53 2 1
terraform-provider-ome/ome/resource_deploy.go:537.2,556.37 6 1
terraform-provider-ome/ome/resource_deploy.go:569.2,569.31 1 1
terraform-provider-ome/ome/resource_deploy.go:574.2,574.47 1 1
terraform-provider-ome/ome/resource_deploy.go:578.2,578.30 1 1
terraform-provider-ome/ome/resource_deploy.go:599.2,599.33 1 1
terraform-provider-ome/ome/resource_deploy.go:621.2,629.33 6 1
terraform-provider-ome/ome/resource_deploy.go:632.2,632.54 1 1
terraform-provider-ome/ome/resource_deploy.go:430.33,432.3 1 0
terraform-provider-ome/ome/resource_deploy.go:438.33,440.3 1 0
terraform-provider-ome/ome/resource_deploy.go:444.16,450.3 2 0
terraform-provider-ome/ome/resource_deploy.go:453.16,459.3 2 0
terraform-provider-ome/ome/resource_deploy.go:462.220,468.3 2 1
terraform-provider-ome/ome/resource_deploy.go:478.22,481.3 2 0
terraform-provider-ome/ome/resource_deploy.go:484.22,487.3 2 0
terraform-provider-ome/ome/resource_deploy.go:490.16,495.3 2 0
terraform-provider-ome/ome/resource_deploy.go:498.16,503.3 2 0
terraform-provider-ome/ome/resource_deploy.go:512.22,515.3 2 0
terraform-provider-ome/ome/resource_deploy.go:518.22,521.3 2 0
terraform-provider-ome/ome/resource_deploy.go:524.16,529.3 2 0
terraform-provider-ome/ome/resource_deploy.go:533.53,535.3 1 1
terraform-provider-ome/ome/resource_deploy.go:556.37,558.17 2 1
terraform-provider-ome/ome/resource_deploy.go:565.3,565.64 1 1
terraform-provider-ome/ome/resource_deploy.go:558.17,564.4 2 0
terraform-provider-ome/ome/resource_deploy.go:569.31,571.3 1 1
terraform-provider-ome/ome/resource_deploy.go:574.47,576.3 1 1
terraform-provider-ome/ome/resource_deploy.go:578.30,581.17 3 1
terraform-provider-ome/ome/resource_deploy.go:588.3,588.33 1 1
terraform-provider-ome/ome/resource_deploy.go:581.17,586.4 2 0
terraform-provider-ome/ome/resource_deploy.go:588.33,591.18 3 1
terraform-provider-ome/ome/resource_deploy.go:591.18,595.5 1 1
terraform-provider-ome/ome/resource_deploy.go:599.33,601.50 2 1
terraform-provider-ome/ome/resource_deploy.go:608.3,612.17 3 1
terraform-provider-ome/ome/resource_deploy.go:601.50,602.55 1 1
terraform-provider-ome/ome/resource_deploy.go:602.55,603.46 1 1
terraform-provider-ome/ome/resource_deploy.go:603.46,605.6 1 1
terraform-provider-ome/ome/resource_deploy.go:612.17,618.4 2 0
terraform-provider-ome/ome/resource_deploy.go:629.33,631.3 1 0
terraform-provider-ome/ome/resource_deploy.go:636.116,642.33 5 1
terraform-provider-ome/ome/resource_deploy.go:647.2,648.16 2 1
terraform-provider-ome/ome/resource_deploy.go:656.2,657.16 2 1
terraform-provider-ome/ome/resource_deploy.go:664.2,672.16 4 1
terraform-provider-ome/ome/resource_deploy.go:679.2,681.53 2 1
terraform-provider-ome/ome/resource_deploy.go:685.2,690.16 3 1
terraform-provider-ome/ome/resource_deploy.go:697.2,698.54 2 1
terraform-provider-ome/ome/resource_deploy.go:642.33,644.3 1 0
terraform-provider-ome/ome/resource_deploy.go:648.16,654.3 2 0
terraform-provider-ome/ome/resource_deploy.go:657.16,663.3 2 0
terraform-provider-ome/ome/resource_deploy.go:672.16,677.3 2 0
terraform-provider-ome/ome/resource_deploy.go:681.53,683.3 1 1
terraform-provider-ome/ome/resource_deploy.go:690.16,696.3 2 0
terraform-provider-ome/ome/resource_deploy.go:701.95,706.16 3 1
terraform-provider-ome/ome/resource_deploy.go:709.2,709.12 1 1
terraform-provider-ome/ome/resource_deploy.go:706.16,708.3 1 0
terraform-provider-ome/ome/resource_deploy.go:713.131,719.16 5 1
terraform-provider-ome/ome/resource_deploy.go:727.2,728.16 2 1
terraform-provider-ome/ome/resource_deploy.go:736.2,737.16 2 1
terraform-provider-ome/ome/resource_deploy.go:741.2,748.16 5 1
terraform-provider-ome/ome/resource_deploy.go:753.2,753.36 1 1
terraform-provider-ome/ome/resource_deploy.go:758.2,758.53 1 1
terraform-provider-ome/ome/resource_deploy.go:763.2,770.30 5 1
terraform-provider-ome/ome/resource_deploy.go:773.2,774.30 2 1
terraform-provider-ome/ome/resource_deploy.go:778.2,853.39 9 1
terraform-provider-ome/ome/resource_deploy.go:856.2,898.40 3 1
terraform-provider-ome/ome/resource_deploy.go:902.2,904.33 3 1
terraform-provider-ome/ome/resource_deploy.go:907.2,907.54 1 1
terraform-provider-ome/ome/resource_deploy.go:719.16,725.3 2 0
terraform-provider-ome/ome/resource_deploy.go:728.16,734.3 2 0
terraform-provider-ome/ome/resource_deploy.go:737.16,740.3 2 0
terraform-provider-ome/ome/resource_deploy.go:748.16,751.3 2 0
terraform-provider-ome/ome/resource_deploy.go:753.36,756.3 2 1
terraform-provider-ome/ome/resource_deploy.go:758.53,762.3 3 1
terraform-provider-ome/ome/resource_deploy.go:770.30,772.3 1 1
terraform-provider-ome/ome/resource_deploy.go:774.30,776.3 1 1
terraform-provider-ome/ome/resource_deploy.go:853.39,855.3 1 1
terraform-provider-ome/ome/resource_deploy.go:898.40,900.3 1 1
terraform-provider-ome/ome/resource_deploy.go:904.33,906.3 1 0
terraform-provider-ome/ome/resource_deploy.go:910.200,914.55 4 1
terraform-provider-ome/ome/resource_deploy.go:917.2,917.55 1 1
terraform-provider-ome/ome/resource_deploy.go:920.2,925.16 6 1
terraform-provider-ome/ome/resource_deploy.go:928.2,928.53 1 1
terraform-provider-ome/ome/resource_deploy.go:936.2,937.38 2 1
terraform-provider-ome/ome/resource_deploy.go:943.2,944.38 2 1
terraform-provider-ome/ome/resource_deploy.go:950.2,950.48 1 1
terraform-provider-ome/ome/resource_deploy.go:956.2,956.48 1 1
terraform-provider-ome/ome/resource_deploy.go:962.2,962.25 1 1
terraform-provider-ome/ome/resource_deploy.go:979.2,979.58 1 1
terraform-provider-ome/ome/resource_deploy.go:982.2,982.58 1 1
terraform-provider-ome/ome/resource_deploy.go:985.2,985.66 1 1
terraform-provider-ome/ome/resource_deploy.go:988.2,988.55 1 1
terraform-provider-ome/ome/resource_deploy.go:991.2,991.61 1 1
terraform-provider-ome/ome/resource_deploy.go:994.2,994.56 1 1
terraform-provider-ome/ome/resource_deploy.go:997.2,997.67 1 1
terraform-provider-ome/ome/resource_deploy.go:1000.2,1000.73 1 1
terraform-provider-ome/ome/resource_deploy.go:1003.2,1003.50 1 1
terraform-provider-ome/ome/resource_deploy.go:1006.2,1006.46 1 1
terraform-provider-ome/ome/resource_deploy.go:1009.2,1009.12 1 1
terraform-provider-ome/ome/resource_deploy.go:914.55,916.3 1 1
terraform-provider-ome/ome/resource_deploy.go:917.55,919.3 1 1
terraform-provider-ome/ome/resource_deploy.go:925.16,927.3 1 0
terraform-provider-ome/ome/resource_deploy.go:928.53,934.3 5 1
terraform-provider-ome/ome/resource_deploy.go:937.38,938.49 1 1
terraform-provider-ome/ome/resource_deploy.go:938.49,940.4 1 1
terraform-provider-ome/ome/resource_deploy.go:944.38,945.49 1 0
terraform-provider-ome/ome/resource_deploy.go:945.49,947.4 1 0
terraform-provider-ome/ome/resource_deploy.go:950.48,951.46 1 1
terraform-provider-ome/ome/resource_deploy.go:951.46,953.4 1 1
terraform-provider-ome/ome/resource_deploy.go:956.48,957.46 1 1
terraform-provider-ome/ome/resource_deploy.go:957.46,959.4 1 0
terraform-provider-ome/ome/resource_deploy.go:963.27,969.69 3 1
terraform-provider-ome/ome/resource_deploy.go:971.25,977.78 3 0
terraform-provider-ome/ome/resource_deploy.go:979.58,981.3 1 1
terraform-provider-ome/ome/resource_deploy.go:982.58,984.3 1 1
terraform-provider-ome/ome/resource_deploy.go:985.66,987.3 1 1
terraform-provider-ome/ome/resource_deploy.go:988.55,990.3 1 1
terraform-provider-ome/ome/resource_deploy.go:991.61,993.3 1 1
terraform-provider-ome/ome/resource_deploy.go:994.56,996.3 1 1
terraform-provider-ome/ome/resource_deploy.go:997.67,999.3 1 1
terraform-provider-ome/ome/resource_deploy.go:1000.73,1002.3 1 1
terraform-provider-ome/ome/resource_deploy.go:1003.50,1005.3 1 1
terraform-provider-ome/ome/resource_deploy.go:1006.46,1008.3 1 1
terraform-provider-ome/ome/resource_deploy.go:1012.53,1014.33 2 1
terraform-provider-ome/ome/resource_deploy.go:1018.2,1019.32 2 1
terraform-provider-ome/ome/resource_deploy.go:1026.2,1026.15 1 1
terraform-provider-ome/ome/resource_deploy.go:1014.33,1016.3 1 1
terraform-provider-ome/ome/resource_deploy.go:1019.32,1020.28 1 1
terraform-provider-ome/ome/resource_deploy.go:1024.3,1024.31 1 1
terraform-provider-ome/ome/resource_deploy.go:1020.28,1022.12 2 0
terraform-provider-ome/ome/resource_deploy.go:1029.71,1030.34 1 1
terraform-provider-ome/ome/resource_deploy.go:1035.2,1035.14 1 1
terraform-provider-ome/ome/resource_deploy.go:1030.34,1031.38 1 1
terraform-provider-ome/ome/resource_deploy.go:1031.38,1033.4 1 1
terraform-provider-ome/ome/resource_deploy.go:1038.69,1047.2 2 1
terraform-provider-ome/ome/resource_deploy.go:1049.67,1059.37 2 1
terraform-provider-ome/ome/resource_deploy.go:1063.2,1063.36 1 1
terraform-provider-ome/ome/resource_deploy.go:1066.2,1066.16 1 1
terraform-provider-ome/ome/resource_deploy.go:1059.37,1061.3 1 1
terraform-provider-ome/ome/resource_deploy.go:1063.36,1065.3 1 1
terraform-provider-ome/ome/resource_deploy.go:1069.137,1072.22 3 1
terraform-provider-ome/ome/resource_deploy.go:1076.2,1078.22 3 1
terraform-provider-ome/ome/resource_deploy.go:1082.2,1096.40 2 1
terraform-provider-ome/ome/resource_deploy.go:1072.22,1074.3 1 0
terraform-provider-ome/ome/resource_deploy.go:1078.22,1080.3 1 0
terraform-provider-ome/ome/resource_deploy.go:1099.133,1104.28 4 1
terraform-provider-ome/ome/resource_deploy.go:1108.2,1109.51 2 1
terraform-provider-ome/ome/resource_deploy.go:1132.2,1132.28 1 1
terraform-provider-ome/ome/resource_deploy.go:1104.28,1106.3 1 1
terraform-provider-ome/ome/resource_deploy.go:1109.51,1116.43 7 1
terraform-provider-ome/ome/resource_deploy.go:1124.3,1124.54 1 1
terraform-provider-ome/ome/resource_deploy.go:1116.43,1123.4 2 1
terraform-provider-ome/ome/resource_deploy.go:1124.54,1125.50 1 1
terraform-provider-ome/ome/resource_deploy.go:1125.50,1129.5 3 1
terraform-provider-ome/ome/validators.go:22.69,24.2 1 1
terraform-provider-ome/ome/validators.go:27.79,29.2 1 0
terraform-provider-ome/ome/validators.go:32.119,34.9 2 1
terraform-provider-ome/ome/validators.go:38.2,38.24 1 1
terraform-provider-ome/ome/validators.go:34.9,36.3 1 0
terraform-provider-ome/ome/validators.go:38.24,44.3 1 1
terraform-provider-ome/ome/validators.go:48.124,50.33 2 1
terraform-provider-ome/ome/validators.go:53.2,53.27 1 1
terraform-provider-ome/ome/validators.go:50.33,52.3 1 0
terraform-provider-ome/ome/validators.go:63.41,67.2 1 0
terraform-provider-ome/ome/validators.go:76.73,78.2 1 1
terraform-provider-ome/ome/validators.go:81.83,83.2 1 0
terraform-provider-ome/ome/validators.go:86.132,88.41 2 1
terraform-provider-ome/ome/validators.go:91.2,91.61 1 1
terraform-provider-ome/ome/validators.go:88.41,90.3 1 0
terraform-provider-ome/ome/validators.go:91.61,97.3 1 1
